2023-11-16 14:18:35,450 [trainer.py] => config: ./exps/ease_cifar_in21k.json
2023-11-16 14:18:35,450 [trainer.py] => prefix:  
2023-11-16 14:18:35,450 [trainer.py] => dataset: cifar224
2023-11-16 14:18:35,450 [trainer.py] => memory_size: 0
2023-11-16 14:18:35,450 [trainer.py] => memory_per_class: 0
2023-11-16 14:18:35,450 [trainer.py] => fixed_memory: False
2023-11-16 14:18:35,450 [trainer.py] => shuffle: True
2023-11-16 14:18:35,450 [trainer.py] => init_cls: 5
2023-11-16 14:18:35,450 [trainer.py] => increment: 5
2023-11-16 14:18:35,450 [trainer.py] => model_name: ease
2023-11-16 14:18:35,450 [trainer.py] => backbone_type: vit_base_patch16_224_in21k_ease
2023-11-16 14:18:35,450 [trainer.py] => device: [device(type='cuda', index=0)]
2023-11-16 14:18:35,450 [trainer.py] => seed: 1993
2023-11-16 14:18:35,450 [trainer.py] => init_epochs: 20
2023-11-16 14:18:35,451 [trainer.py] => init_lr: 0.025
2023-11-16 14:18:35,451 [trainer.py] => later_epochs: 20
2023-11-16 14:18:35,451 [trainer.py] => later_lr: 0.025
2023-11-16 14:18:35,451 [trainer.py] => batch_size: 48
2023-11-16 14:18:35,451 [trainer.py] => weight_decay: 0.0005
2023-11-16 14:18:35,451 [trainer.py] => min_lr: 0
2023-11-16 14:18:35,451 [trainer.py] => optimizer: sgd
2023-11-16 14:18:35,451 [trainer.py] => scheduler: cosine
2023-11-16 14:18:35,451 [trainer.py] => pretrained: True
2023-11-16 14:18:35,451 [trainer.py] => vpt_type: Deep
2023-11-16 14:18:35,451 [trainer.py] => prompt_token_num: 5
2023-11-16 14:18:35,451 [trainer.py] => ffn_num: 64
2023-11-16 14:18:35,451 [trainer.py] => solve_method: sim
2023-11-16 14:18:35,451 [trainer.py] => use_diagonal: False
2023-11-16 14:18:35,451 [trainer.py] => recalc_sim: True
2023-11-16 14:18:35,451 [trainer.py] => alpha: 0.1
2023-11-16 14:18:35,451 [trainer.py] => use_init_ptm: False
2023-11-16 14:18:35,451 [trainer.py] => beta: 0
2023-11-16 14:18:35,451 [trainer.py] => use_old_data: False
2023-11-16 14:18:35,451 [trainer.py] => use_reweight: True
2023-11-16 14:18:35,451 [trainer.py] => moni_adam: False
2023-11-16 14:18:35,451 [trainer.py] => adapter_num: -1
2023-11-16 14:18:36,994 [data_manager.py] => [68, 56, 78, 8, 23, 84, 90, 65, 74, 76, 40, 89, 3, 92, 55, 9, 26, 80, 43, 38, 58, 70, 77, 1, 85, 19, 17, 50, 28, 53, 13, 81, 45, 82, 6, 59, 83, 16, 15, 44, 91, 41, 72, 60, 79, 52, 20, 10, 31, 54, 37, 95, 14, 71, 96, 98, 97, 2, 64, 66, 42, 22, 35, 86, 24, 34, 87, 21, 99, 0, 88, 27, 18, 94, 11, 12, 47, 25, 30, 46, 62, 69, 36, 61, 7, 63, 75, 5, 32, 4, 51, 48, 73, 93, 39, 67, 29, 49, 57, 33]
2023-11-16 14:18:40,023 [trainer.py] => All params: 86988288
2023-11-16 14:18:40,024 [trainer.py] => Trainable params: 1189632
2023-11-16 14:18:40,024 [ease.py] => Learning on 0-5
2023-11-16 14:21:09,928 [ease.py] => Task 0, Epoch 20/20 => Loss 0.117, Train_accy 96.28
2023-11-16 14:21:15,745 [ease.py] => Task correct: 100.0
2023-11-16 14:21:15,746 [ease.py] => Task acc: 99.4
2023-11-16 14:21:15,781 [trainer.py] => No NME accuracy.
2023-11-16 14:21:15,781 [trainer.py] => CNN: {'total': 99.4, '00-04': 99.4, 'old': 0, 'new': 99.4}
2023-11-16 14:21:15,781 [trainer.py] => CNN top1 curve: [99.4]
2023-11-16 14:21:15,781 [trainer.py] => CNN top5 curve: [100.0]

2023-11-16 14:21:15,781 [trainer.py] => Average Accuracy (CNN): 99.4 

2023-11-16 14:21:15,782 [trainer.py] => All params: 86995970
2023-11-16 14:21:15,782 [trainer.py] => Trainable params: 1189632
2023-11-16 14:21:15,783 [ease.py] => Learning on 5-10
2023-11-16 14:23:45,450 [ease.py] => Task 1, Epoch 20/20 => Loss 0.147, Train_accy 95.84
2023-11-16 14:23:57,411 [ease.py] => Task correct: 98.9
2023-11-16 14:23:57,411 [ease.py] => Task acc: 99.2
2023-11-16 14:23:57,437 [trainer.py] => No NME accuracy.
2023-11-16 14:23:57,437 [trainer.py] => CNN: {'total': 98.2, '00-04': 98.4, '05-09': 98.0, 'old': 98.4, 'new': 98.0}
2023-11-16 14:23:57,437 [trainer.py] => CNN top1 curve: [99.4, 98.2]
2023-11-16 14:23:57,437 [trainer.py] => CNN top5 curve: [100.0, 100.0]

2023-11-16 14:23:57,437 [trainer.py] => Average Accuracy (CNN): 98.80000000000001 

2023-11-16 14:23:57,438 [trainer.py] => All params: 87007490
2023-11-16 14:23:57,438 [trainer.py] => Trainable params: 1189632
2023-11-16 14:23:57,439 [ease.py] => Learning on 10-15
2023-11-16 14:26:27,551 [ease.py] => Task 2, Epoch 20/20 => Loss 0.160, Train_accy 94.44
2023-11-16 14:26:47,170 [ease.py] => Task correct: 97.66666666666667
2023-11-16 14:26:47,171 [ease.py] => Task acc: 99.06666666666666
2023-11-16 14:26:47,204 [trainer.py] => No NME accuracy.
2023-11-16 14:26:47,204 [trainer.py] => CNN: {'total': 97.27, '00-04': 98.4, '05-09': 96.2, '10-14': 97.2, 'old': 97.3, 'new': 97.2}
2023-11-16 14:26:47,204 [trainer.py] => CNN top1 curve: [99.4, 98.2, 97.27]
2023-11-16 14:26:47,204 [trainer.py] => CNN top5 curve: [100.0, 100.0, 99.73]

2023-11-16 14:26:47,204 [trainer.py] => Average Accuracy (CNN): 98.29 

2023-11-16 14:26:47,205 [trainer.py] => All params: 87026690
2023-11-16 14:26:47,206 [trainer.py] => Trainable params: 1189632
2023-11-16 14:26:47,207 [ease.py] => Learning on 15-20
2023-11-16 14:29:16,668 [ease.py] => Task 3, Epoch 20/20 => Loss 0.151, Train_accy 95.20
2023-11-16 14:29:44,719 [ease.py] => Task correct: 96.85
2023-11-16 14:29:44,720 [ease.py] => Task acc: 98.85
2023-11-16 14:29:44,747 [trainer.py] => No NME accuracy.
2023-11-16 14:29:44,747 [trainer.py] => CNN: {'total': 96.45, '00-04': 98.4, '05-09': 95.6, '10-14': 96.8, '15-19': 95.0, 'old': 96.93, 'new': 95.0}
2023-11-16 14:29:44,747 [trainer.py] => CNN top1 curve: [99.4, 98.2, 97.27, 96.45]
2023-11-16 14:29:44,747 [trainer.py] => CNN top5 curve: [100.0, 100.0, 99.73, 99.5]

2023-11-16 14:29:44,747 [trainer.py] => Average Accuracy (CNN): 97.83 

2023-11-16 14:29:44,748 [trainer.py] => All params: 87053570
2023-11-16 14:29:44,748 [trainer.py] => Trainable params: 1189632
2023-11-16 14:29:44,750 [ease.py] => Learning on 20-25
2023-11-16 14:32:13,308 [ease.py] => Task 4, Epoch 20/20 => Loss 0.082, Train_accy 97.24
2023-11-16 14:32:50,926 [ease.py] => Task correct: 96.6
2023-11-16 14:32:50,927 [ease.py] => Task acc: 99.0
2023-11-16 14:32:50,954 [trainer.py] => No NME accuracy.
2023-11-16 14:32:50,954 [trainer.py] => CNN: {'total': 96.28, '00-04': 98.2, '05-09': 94.6, '10-14': 95.8, '15-19': 95.0, '20-24': 97.8, 'old': 95.9, 'new': 97.8}
2023-11-16 14:32:50,954 [trainer.py] => CNN top1 curve: [99.4, 98.2, 97.27, 96.45, 96.28]
2023-11-16 14:32:50,954 [trainer.py] => CNN top5 curve: [100.0, 100.0, 99.73, 99.5, 99.4]

2023-11-16 14:32:50,954 [trainer.py] => Average Accuracy (CNN): 97.52000000000001 

2023-11-16 14:32:50,954 [trainer.py] => All params: 87088130
2023-11-16 14:32:50,955 [trainer.py] => Trainable params: 1189632
2023-11-16 14:32:50,956 [ease.py] => Learning on 25-30
2023-11-16 14:35:18,970 [ease.py] => Task 5, Epoch 20/20 => Loss 0.086, Train_accy 97.00
2023-11-16 14:36:06,801 [ease.py] => Task correct: 95.13333333333334
2023-11-16 14:36:06,801 [ease.py] => Task acc: 99.1
2023-11-16 14:36:06,841 [trainer.py] => No NME accuracy.
2023-11-16 14:36:06,841 [trainer.py] => CNN: {'total': 94.9, '00-04': 97.4, '05-09': 89.0, '10-14': 94.6, '15-19': 93.2, '20-24': 97.8, '25-29': 97.4, 'old': 94.4, 'new': 97.4}
2023-11-16 14:36:06,841 [trainer.py] => CNN top1 curve: [99.4, 98.2, 97.27, 96.45, 96.28, 94.9]
2023-11-16 14:36:06,841 [trainer.py] => CNN top5 curve: [100.0, 100.0, 99.73, 99.5, 99.4, 99.4]

2023-11-16 14:36:06,841 [trainer.py] => Average Accuracy (CNN): 97.08333333333333 

2023-11-16 14:36:06,841 [trainer.py] => All params: 87130370
2023-11-16 14:36:06,842 [trainer.py] => Trainable params: 1189632
2023-11-16 14:36:06,844 [ease.py] => Learning on 30-35
2023-11-16 14:38:35,615 [ease.py] => Task 6, Epoch 20/20 => Loss 0.178, Train_accy 93.64
2023-11-16 14:39:36,188 [ease.py] => Task correct: 93.65714285714286
2023-11-16 14:39:36,188 [ease.py] => Task acc: 98.91428571428571
2023-11-16 14:39:36,220 [trainer.py] => No NME accuracy.
2023-11-16 14:39:36,220 [trainer.py] => CNN: {'total': 93.26, '00-04': 97.4, '05-09': 88.6, '10-14': 94.6, '15-19': 91.2, '20-24': 97.8, '25-29': 97.4, '30-34': 85.8, 'old': 94.5, 'new': 85.8}
2023-11-16 14:39:36,220 [trainer.py] => CNN top1 curve: [99.4, 98.2, 97.27, 96.45, 96.28, 94.9, 93.26]
2023-11-16 14:39:36,220 [trainer.py] => CNN top5 curve: [100.0, 100.0, 99.73, 99.5, 99.4, 99.4, 99.4]

2023-11-16 14:39:36,220 [trainer.py] => Average Accuracy (CNN): 96.53714285714285 

2023-11-16 14:39:36,221 [trainer.py] => All params: 87180290
2023-11-16 14:39:36,221 [trainer.py] => Trainable params: 1189632
2023-11-16 14:39:36,224 [ease.py] => Learning on 35-40
2023-11-16 14:42:04,479 [ease.py] => Task 7, Epoch 20/20 => Loss 0.097, Train_accy 96.80
2023-11-16 14:43:18,322 [ease.py] => Task correct: 93.3
2023-11-16 14:43:18,322 [ease.py] => Task acc: 98.975
2023-11-16 14:43:18,345 [trainer.py] => No NME accuracy.
2023-11-16 14:43:18,345 [trainer.py] => CNN: {'total': 92.95, '00-04': 94.2, '05-09': 88.4, '10-14': 93.8, '15-19': 90.6, '20-24': 97.6, '25-29': 96.8, '30-34': 85.6, '35-39': 96.6, 'old': 92.43, 'new': 96.6}
2023-11-16 14:43:18,345 [trainer.py] => CNN top1 curve: [99.4, 98.2, 97.27, 96.45, 96.28, 94.9, 93.26, 92.95]
2023-11-16 14:43:18,345 [trainer.py] => CNN top5 curve: [100.0, 100.0, 99.73, 99.5, 99.4, 99.4, 99.4, 99.28]

2023-11-16 14:43:18,345 [trainer.py] => Average Accuracy (CNN): 96.08875 

2023-11-16 14:43:18,346 [trainer.py] => All params: 87237890
2023-11-16 14:43:18,346 [trainer.py] => Trainable params: 1189632
2023-11-16 14:43:18,349 [ease.py] => Learning on 40-45
2023-11-16 14:45:46,779 [ease.py] => Task 8, Epoch 20/20 => Loss 0.133, Train_accy 95.80
2023-11-16 14:47:15,482 [ease.py] => Task correct: 92.57777777777778
2023-11-16 14:47:15,482 [ease.py] => Task acc: 99.08888888888889
2023-11-16 14:47:15,518 [trainer.py] => No NME accuracy.
2023-11-16 14:47:15,519 [trainer.py] => CNN: {'total': 92.27, '00-04': 92.8, '05-09': 88.8, '10-14': 89.6, '15-19': 90.0, '20-24': 97.6, '25-29': 96.8, '30-34': 85.2, '35-39': 96.0, '40-44': 93.6, 'old': 92.1, 'new': 93.6}
2023-11-16 14:47:15,519 [trainer.py] => CNN top1 curve: [99.4, 98.2, 97.27, 96.45, 96.28, 94.9, 93.26, 92.95, 92.27]
2023-11-16 14:47:15,519 [trainer.py] => CNN top5 curve: [100.0, 100.0, 99.73, 99.5, 99.4, 99.4, 99.4, 99.28, 99.16]

2023-11-16 14:47:15,519 [trainer.py] => Average Accuracy (CNN): 95.66444444444444 

2023-11-16 14:47:15,519 [trainer.py] => All params: 87303170
2023-11-16 14:47:15,520 [trainer.py] => Trainable params: 1189632
2023-11-16 14:47:15,524 [ease.py] => Learning on 45-50
2023-11-16 14:49:45,459 [ease.py] => Task 9, Epoch 20/20 => Loss 0.082, Train_accy 97.52
2023-11-16 14:51:30,427 [ease.py] => Task correct: 91.28
2023-11-16 14:51:30,428 [ease.py] => Task acc: 99.16
2023-11-16 14:51:30,463 [trainer.py] => No NME accuracy.
2023-11-16 14:51:30,463 [trainer.py] => CNN: {'total': 91.0, '00-04': 92.4, '05-09': 87.0, '10-14': 87.0, '15-19': 89.6, '20-24': 97.4, '25-29': 92.4, '30-34': 84.6, '35-39': 91.4, '40-44': 93.4, '45-49': 94.8, 'old': 90.58, 'new': 94.8}
2023-11-16 14:51:30,463 [trainer.py] => CNN top1 curve: [99.4, 98.2, 97.27, 96.45, 96.28, 94.9, 93.26, 92.95, 92.27, 91.0]
2023-11-16 14:51:30,463 [trainer.py] => CNN top5 curve: [100.0, 100.0, 99.73, 99.5, 99.4, 99.4, 99.4, 99.28, 99.16, 99.04]

2023-11-16 14:51:30,463 [trainer.py] => Average Accuracy (CNN): 95.19800000000001 

2023-11-16 14:51:30,464 [trainer.py] => All params: 87376130
2023-11-16 14:51:30,465 [trainer.py] => Trainable params: 1189632
2023-11-16 14:51:30,471 [ease.py] => Learning on 50-55
2023-11-16 14:53:59,383 [ease.py] => Task 10, Epoch 20/20 => Loss 0.114, Train_accy 96.60
2023-11-16 14:56:01,161 [ease.py] => Task correct: 90.27272727272727
2023-11-16 14:56:01,161 [ease.py] => Task acc: 99.14545454545454
2023-11-16 14:56:01,194 [trainer.py] => No NME accuracy.
2023-11-16 14:56:01,195 [trainer.py] => CNN: {'total': 90.0, '00-04': 90.8, '05-09': 87.0, '10-14': 86.8, '15-19': 89.6, '20-24': 97.0, '25-29': 91.2, '30-34': 83.2, '35-39': 90.6, '40-44': 92.6, '45-49': 93.6, '50-54': 87.6, 'old': 90.24, 'new': 87.6}
2023-11-16 14:56:01,195 [trainer.py] => CNN top1 curve: [99.4, 98.2, 97.27, 96.45, 96.28, 94.9, 93.26, 92.95, 92.27, 91.0, 90.0]
2023-11-16 14:56:01,195 [trainer.py] => CNN top5 curve: [100.0, 100.0, 99.73, 99.5, 99.4, 99.4, 99.4, 99.28, 99.16, 99.04, 99.05]

2023-11-16 14:56:01,195 [trainer.py] => Average Accuracy (CNN): 94.72545454545455 

2023-11-16 14:56:01,196 [trainer.py] => All params: 87456770
2023-11-16 14:56:01,196 [trainer.py] => Trainable params: 1189632
2023-11-16 14:56:01,203 [ease.py] => Learning on 55-60
2023-11-16 14:58:29,882 [ease.py] => Task 11, Epoch 20/20 => Loss 0.205, Train_accy 92.92
2023-11-16 15:00:49,119 [ease.py] => Task correct: 90.26666666666667
2023-11-16 15:00:49,120 [ease.py] => Task acc: 99.1
2023-11-16 15:00:49,145 [trainer.py] => No NME accuracy.
2023-11-16 15:00:49,145 [trainer.py] => CNN: {'total': 89.98, '00-04': 90.8, '05-09': 87.0, '10-14': 86.4, '15-19': 89.6, '20-24': 97.0, '25-29': 91.2, '30-34': 83.2, '35-39': 90.4, '40-44': 92.6, '45-49': 93.6, '50-54': 88.2, '55-59': 89.8, 'old': 90.0, 'new': 89.8}
2023-11-16 15:00:49,145 [trainer.py] => CNN top1 curve: [99.4, 98.2, 97.27, 96.45, 96.28, 94.9, 93.26, 92.95, 92.27, 91.0, 90.0, 89.98]
2023-11-16 15:00:49,145 [trainer.py] => CNN top5 curve: [100.0, 100.0, 99.73, 99.5, 99.4, 99.4, 99.4, 99.28, 99.16, 99.04, 99.05, 98.87]

2023-11-16 15:00:49,145 [trainer.py] => Average Accuracy (CNN): 94.33 

2023-11-16 15:00:49,146 [trainer.py] => All params: 87545090
2023-11-16 15:00:49,146 [trainer.py] => Trainable params: 1189632
2023-11-16 15:00:49,153 [ease.py] => Learning on 60-65
2023-11-16 15:03:17,320 [ease.py] => Task 12, Epoch 20/20 => Loss 0.099, Train_accy 96.88
2023-11-16 15:05:55,791 [ease.py] => Task correct: 89.56923076923077
2023-11-16 15:05:55,791 [ease.py] => Task acc: 99.13846153846154
2023-11-16 15:05:55,822 [trainer.py] => No NME accuracy.
2023-11-16 15:05:55,822 [trainer.py] => CNN: {'total': 89.34, '00-04': 90.8, '05-09': 86.4, '10-14': 86.0, '15-19': 88.6, '20-24': 97.0, '25-29': 91.0, '30-34': 83.0, '35-39': 89.8, '40-44': 92.4, '45-49': 93.6, '50-54': 88.4, '55-59': 80.6, '60-64': 93.8, 'old': 88.97, 'new': 93.8}
2023-11-16 15:05:55,822 [trainer.py] => CNN top1 curve: [99.4, 98.2, 97.27, 96.45, 96.28, 94.9, 93.26, 92.95, 92.27, 91.0, 90.0, 89.98, 89.34]
2023-11-16 15:05:55,823 [trainer.py] => CNN top5 curve: [100.0, 100.0, 99.73, 99.5, 99.4, 99.4, 99.4, 99.28, 99.16, 99.04, 99.05, 98.87, 98.86]

2023-11-16 15:05:55,823 [trainer.py] => Average Accuracy (CNN): 93.94615384615385 

2023-11-16 15:05:55,823 [trainer.py] => All params: 87641090
2023-11-16 15:05:55,824 [trainer.py] => Trainable params: 1189632
2023-11-16 15:05:55,832 [ease.py] => Learning on 65-70
2023-11-16 15:08:22,847 [ease.py] => Task 13, Epoch 20/20 => Loss 0.082, Train_accy 97.16
2023-11-16 15:11:23,431 [ease.py] => Task correct: 89.48571428571428
2023-11-16 15:11:23,432 [ease.py] => Task acc: 99.2
2023-11-16 15:11:23,463 [trainer.py] => No NME accuracy.
2023-11-16 15:11:23,464 [trainer.py] => CNN: {'total': 89.29, '00-04': 89.0, '05-09': 86.0, '10-14': 84.8, '15-19': 88.2, '20-24': 97.0, '25-29': 90.8, '30-34': 82.8, '35-39': 89.4, '40-44': 92.2, '45-49': 93.0, '50-54': 88.0, '55-59': 80.2, '60-64': 92.6, '65-69': 96.0, 'old': 88.77, 'new': 96.0}
2023-11-16 15:11:23,464 [trainer.py] => CNN top1 curve: [99.4, 98.2, 97.27, 96.45, 96.28, 94.9, 93.26, 92.95, 92.27, 91.0, 90.0, 89.98, 89.34, 89.29]
2023-11-16 15:11:23,464 [trainer.py] => CNN top5 curve: [100.0, 100.0, 99.73, 99.5, 99.4, 99.4, 99.4, 99.28, 99.16, 99.04, 99.05, 98.87, 98.86, 98.81]

2023-11-16 15:11:23,464 [trainer.py] => Average Accuracy (CNN): 93.61357142857142 

2023-11-16 15:11:23,464 [trainer.py] => All params: 87744770
2023-11-16 15:11:23,465 [trainer.py] => Trainable params: 1189632
2023-11-16 15:11:23,474 [ease.py] => Learning on 70-75
2023-11-16 15:13:50,844 [ease.py] => Task 14, Epoch 20/20 => Loss 0.108, Train_accy 96.56
2023-11-16 15:17:14,617 [ease.py] => Task correct: 88.58666666666667
2023-11-16 15:17:14,618 [ease.py] => Task acc: 99.2
2023-11-16 15:17:14,655 [trainer.py] => No NME accuracy.
2023-11-16 15:17:14,655 [trainer.py] => CNN: {'total': 88.4, '00-04': 88.8, '05-09': 85.8, '10-14': 84.0, '15-19': 88.2, '20-24': 97.0, '25-29': 90.8, '30-34': 82.8, '35-39': 89.2, '40-44': 91.8, '45-49': 92.8, '50-54': 88.0, '55-59': 77.4, '60-64': 86.2, '65-69': 95.0, '70-74': 88.2, 'old': 88.41, 'new': 88.2}
2023-11-16 15:17:14,655 [trainer.py] => CNN top1 curve: [99.4, 98.2, 97.27, 96.45, 96.28, 94.9, 93.26, 92.95, 92.27, 91.0, 90.0, 89.98, 89.34, 89.29, 88.4]
2023-11-16 15:17:14,655 [trainer.py] => CNN top5 curve: [100.0, 100.0, 99.73, 99.5, 99.4, 99.4, 99.4, 99.28, 99.16, 99.04, 99.05, 98.87, 98.86, 98.81, 98.81]

2023-11-16 15:17:14,655 [trainer.py] => Average Accuracy (CNN): 93.266 

2023-11-16 15:17:14,656 [trainer.py] => All params: 87856130
2023-11-16 15:17:14,656 [trainer.py] => Trainable params: 1189632
2023-11-16 15:17:14,666 [ease.py] => Learning on 75-80
2023-11-16 15:19:42,552 [ease.py] => Task 15, Epoch 20/20 => Loss 0.109, Train_accy 96.20
2023-11-16 15:23:31,446 [ease.py] => Task correct: 86.975
2023-11-16 15:23:31,447 [ease.py] => Task acc: 99.225
2023-11-16 15:23:31,476 [trainer.py] => No NME accuracy.
2023-11-16 15:23:31,476 [trainer.py] => CNN: {'total': 86.8, '00-04': 88.8, '05-09': 84.4, '10-14': 84.2, '15-19': 88.0, '20-24': 97.0, '25-29': 90.8, '30-34': 82.6, '35-39': 88.6, '40-44': 91.4, '45-49': 85.6, '50-54': 79.6, '55-59': 73.2, '60-64': 84.6, '65-69': 95.0, '70-74': 84.8, '75-79': 90.2, 'old': 86.57, 'new': 90.2}
2023-11-16 15:23:31,476 [trainer.py] => CNN top1 curve: [99.4, 98.2, 97.27, 96.45, 96.28, 94.9, 93.26, 92.95, 92.27, 91.0, 90.0, 89.98, 89.34, 89.29, 88.4, 86.8]
2023-11-16 15:23:31,476 [trainer.py] => CNN top5 curve: [100.0, 100.0, 99.73, 99.5, 99.4, 99.4, 99.4, 99.28, 99.16, 99.04, 99.05, 98.87, 98.86, 98.81, 98.81, 98.8]

2023-11-16 15:23:31,476 [trainer.py] => Average Accuracy (CNN): 92.861875 

2023-11-16 15:23:31,477 [trainer.py] => All params: 87975170
2023-11-16 15:23:31,478 [trainer.py] => Trainable params: 1189632
2023-11-16 15:23:31,488 [ease.py] => Learning on 80-85
2023-11-16 15:26:01,061 [ease.py] => Task 16, Epoch 20/20 => Loss 0.079, Train_accy 97.32
2023-11-16 15:30:13,526 [ease.py] => Task correct: 86.48235294117647
2023-11-16 15:30:13,527 [ease.py] => Task acc: 99.23529411764706
2023-11-16 15:30:13,561 [trainer.py] => No NME accuracy.
2023-11-16 15:30:13,562 [trainer.py] => CNN: {'total': 86.33, '00-04': 88.2, '05-09': 83.0, '10-14': 83.0, '15-19': 87.8, '20-24': 96.8, '25-29': 90.0, '30-34': 81.6, '35-39': 88.8, '40-44': 91.2, '45-49': 83.6, '50-54': 78.6, '55-59': 72.8, '60-64': 83.0, '65-69': 95.0, '70-74': 84.2, '75-79': 90.0, '80-84': 90.0, 'old': 86.1, 'new': 90.0}
2023-11-16 15:30:13,562 [trainer.py] => CNN top1 curve: [99.4, 98.2, 97.27, 96.45, 96.28, 94.9, 93.26, 92.95, 92.27, 91.0, 90.0, 89.98, 89.34, 89.29, 88.4, 86.8, 86.33]
2023-11-16 15:30:13,562 [trainer.py] => CNN top5 curve: [100.0, 100.0, 99.73, 99.5, 99.4, 99.4, 99.4, 99.28, 99.16, 99.04, 99.05, 98.87, 98.86, 98.81, 98.81, 98.8, 98.74]

2023-11-16 15:30:13,562 [trainer.py] => Average Accuracy (CNN): 92.47764705882352 

2023-11-16 15:30:13,562 [trainer.py] => All params: 88101890
2023-11-16 15:30:13,563 [trainer.py] => Trainable params: 1189632
2023-11-16 15:30:13,576 [ease.py] => Learning on 85-90
2023-11-16 15:32:42,283 [ease.py] => Task 17, Epoch 20/20 => Loss 0.190, Train_accy 93.40
2023-11-16 15:37:23,306 [ease.py] => Task correct: 86.26666666666667
2023-11-16 15:37:23,307 [ease.py] => Task acc: 99.15555555555555
2023-11-16 15:37:23,329 [trainer.py] => No NME accuracy.
2023-11-16 15:37:23,329 [trainer.py] => CNN: {'total': 86.1, '00-04': 88.2, '05-09': 82.6, '10-14': 82.2, '15-19': 87.8, '20-24': 96.6, '25-29': 90.0, '30-34': 81.6, '35-39': 88.8, '40-44': 91.2, '45-49': 83.6, '50-54': 78.6, '55-59': 72.8, '60-64': 82.4, '65-69': 94.8, '70-74': 83.6, '75-79': 89.0, '80-84': 90.2, '85-89': 85.8, 'old': 86.12, 'new': 85.8}
2023-11-16 15:37:23,329 [trainer.py] => CNN top1 curve: [99.4, 98.2, 97.27, 96.45, 96.28, 94.9, 93.26, 92.95, 92.27, 91.0, 90.0, 89.98, 89.34, 89.29, 88.4, 86.8, 86.33, 86.1]
2023-11-16 15:37:23,329 [trainer.py] => CNN top5 curve: [100.0, 100.0, 99.73, 99.5, 99.4, 99.4, 99.4, 99.28, 99.16, 99.04, 99.05, 98.87, 98.86, 98.81, 98.81, 98.8, 98.74, 98.56]

2023-11-16 15:37:23,329 [trainer.py] => Average Accuracy (CNN): 92.12333333333332 

2023-11-16 15:37:23,330 [trainer.py] => All params: 88236290
2023-11-16 15:37:23,330 [trainer.py] => Trainable params: 1189632
2023-11-16 15:37:23,344 [ease.py] => Learning on 90-95
2023-11-16 15:39:51,803 [ease.py] => Task 18, Epoch 20/20 => Loss 0.112, Train_accy 96.28
2023-11-16 15:44:58,330 [ease.py] => Task correct: 86.4421052631579
2023-11-16 15:44:58,331 [ease.py] => Task acc: 99.18947368421053
2023-11-16 15:44:58,363 [trainer.py] => No NME accuracy.
2023-11-16 15:44:58,363 [trainer.py] => CNN: {'total': 86.27, '00-04': 87.0, '05-09': 82.8, '10-14': 82.0, '15-19': 87.6, '20-24': 96.4, '25-29': 90.0, '30-34': 81.6, '35-39': 88.8, '40-44': 90.4, '45-49': 83.6, '50-54': 78.4, '55-59': 72.8, '60-64': 82.0, '65-69': 94.6, '70-74': 83.6, '75-79': 89.0, '80-84': 90.0, '85-89': 85.8, '90-94': 92.8, 'old': 85.91, 'new': 92.8}
2023-11-16 15:44:58,363 [trainer.py] => CNN top1 curve: [99.4, 98.2, 97.27, 96.45, 96.28, 94.9, 93.26, 92.95, 92.27, 91.0, 90.0, 89.98, 89.34, 89.29, 88.4, 86.8, 86.33, 86.1, 86.27]
2023-11-16 15:44:58,363 [trainer.py] => CNN top5 curve: [100.0, 100.0, 99.73, 99.5, 99.4, 99.4, 99.4, 99.28, 99.16, 99.04, 99.05, 98.87, 98.86, 98.81, 98.81, 98.8, 98.74, 98.56, 98.56]

2023-11-16 15:44:58,363 [trainer.py] => Average Accuracy (CNN): 91.81526315789472 

2023-11-16 15:44:58,364 [trainer.py] => All params: 88378370
2023-11-16 15:44:58,364 [trainer.py] => Trainable params: 1189632
2023-11-16 15:44:58,379 [ease.py] => Learning on 95-100
2023-11-16 15:47:26,548 [ease.py] => Task 19, Epoch 20/20 => Loss 0.139, Train_accy 95.40
2023-11-16 15:53:00,783 [ease.py] => Task correct: 85.99
2023-11-16 15:53:00,783 [ease.py] => Task acc: 99.09
2023-11-16 15:53:00,812 [trainer.py] => No NME accuracy.
2023-11-16 15:53:00,812 [trainer.py] => CNN: {'total': 85.8, '00-04': 86.4, '05-09': 82.8, '10-14': 81.8, '15-19': 87.4, '20-24': 96.6, '25-29': 89.8, '30-34': 81.6, '35-39': 88.4, '40-44': 90.2, '45-49': 83.4, '50-54': 77.8, '55-59': 72.2, '60-64': 81.8, '65-69': 94.6, '70-74': 83.4, '75-79': 88.0, '80-84': 90.0, '85-89': 85.4, '90-94': 92.6, '95-99': 81.8, 'old': 86.01, 'new': 81.8}
2023-11-16 15:53:00,812 [trainer.py] => CNN top1 curve: [99.4, 98.2, 97.27, 96.45, 96.28, 94.9, 93.26, 92.95, 92.27, 91.0, 90.0, 89.98, 89.34, 89.29, 88.4, 86.8, 86.33, 86.1, 86.27, 85.8]
2023-11-16 15:53:00,812 [trainer.py] => CNN top5 curve: [100.0, 100.0, 99.73, 99.5, 99.4, 99.4, 99.4, 99.28, 99.16, 99.04, 99.05, 98.87, 98.86, 98.81, 98.81, 98.8, 98.74, 98.56, 98.56, 98.37]

2023-11-16 15:53:00,812 [trainer.py] => Average Accuracy (CNN): 91.51449999999998 

