2023-11-16 15:08:23,179 [trainer.py] => config: ./exps/ease_cub_in21k.json
2023-11-16 15:08:23,180 [trainer.py] => prefix:  
2023-11-16 15:08:23,180 [trainer.py] => dataset: cub
2023-11-16 15:08:23,180 [trainer.py] => memory_size: 0
2023-11-16 15:08:23,180 [trainer.py] => memory_per_class: 0
2023-11-16 15:08:23,180 [trainer.py] => fixed_memory: False
2023-11-16 15:08:23,180 [trainer.py] => shuffle: True
2023-11-16 15:08:23,180 [trainer.py] => init_cls: 10
2023-11-16 15:08:23,180 [trainer.py] => increment: 10
2023-11-16 15:08:23,180 [trainer.py] => model_name: ease
2023-11-16 15:08:23,180 [trainer.py] => backbone_type: vit_base_patch16_224_in21k_ease
2023-11-16 15:08:23,180 [trainer.py] => device: [device(type='cuda', index=3)]
2023-11-16 15:08:23,180 [trainer.py] => seed: 1993
2023-11-16 15:08:23,180 [trainer.py] => init_epochs: 20
2023-11-16 15:08:23,180 [trainer.py] => init_lr: 0.008
2023-11-16 15:08:23,180 [trainer.py] => later_epochs: 20
2023-11-16 15:08:23,180 [trainer.py] => later_lr: 0.008
2023-11-16 15:08:23,180 [trainer.py] => batch_size: 32
2023-11-16 15:08:23,180 [trainer.py] => weight_decay: 0.0005
2023-11-16 15:08:23,180 [trainer.py] => min_lr: 0
2023-11-16 15:08:23,180 [trainer.py] => optimizer: sgd
2023-11-16 15:08:23,180 [trainer.py] => scheduler: cosine
2023-11-16 15:08:23,180 [trainer.py] => pretrained: True
2023-11-16 15:08:23,180 [trainer.py] => vpt_type: Deep
2023-11-16 15:08:23,181 [trainer.py] => prompt_token_num: 5
2023-11-16 15:08:23,181 [trainer.py] => ffn_num: 64
2023-11-16 15:08:23,181 [trainer.py] => solve_method: sim
2023-11-16 15:08:23,181 [trainer.py] => use_diagonal: False
2023-11-16 15:08:23,181 [trainer.py] => recalc_sim: True
2023-11-16 15:08:23,181 [trainer.py] => alpha: 0.05
2023-11-16 15:08:23,181 [trainer.py] => use_init_ptm: False
2023-11-16 15:08:23,181 [trainer.py] => beta: 0
2023-11-16 15:08:23,181 [trainer.py] => use_old_data: False
2023-11-16 15:08:23,181 [trainer.py] => use_reweight: True
2023-11-16 15:08:23,181 [trainer.py] => moni_adam: False
2023-11-16 15:08:23,181 [trainer.py] => adapter_num: -1
2023-11-16 15:08:23,220 [data_manager.py] => [168, 136, 51, 9, 183, 101, 171, 99, 42, 159, 191, 70, 16, 188, 27, 10, 175, 26, 68, 187, 98, 6, 85, 35, 112, 43, 100, 0, 103, 181, 88, 59, 4, 2, 116, 174, 94, 80, 106, 1, 147, 17, 141, 131, 72, 23, 173, 54, 197, 118, 87, 32, 79, 104, 91, 19, 135, 107, 178, 36, 11, 199, 142, 8, 122, 3, 28, 57, 153, 172, 190, 56, 49, 44, 97, 62, 151, 169, 194, 55, 192, 12, 189, 78, 66, 180, 15, 137, 109, 134, 92, 119, 126, 52, 170, 40, 148, 65, 144, 64, 138, 45, 77, 89, 154, 90, 71, 193, 74, 30, 113, 143, 96, 84, 67, 50, 186, 156, 69, 21, 18, 111, 108, 58, 125, 157, 150, 110, 182, 129, 166, 83, 81, 60, 13, 165, 14, 176, 63, 117, 5, 22, 145, 121, 38, 41, 82, 127, 114, 20, 31, 53, 37, 163, 196, 130, 152, 162, 86, 76, 24, 34, 184, 149, 33, 128, 198, 155, 146, 167, 139, 120, 140, 102, 47, 25, 158, 123, 46, 164, 61, 7, 115, 75, 133, 160, 105, 132, 179, 124, 48, 73, 93, 39, 95, 195, 29, 177, 185, 161]
2023-11-16 15:08:27,507 [trainer.py] => All params: 86988288
2023-11-16 15:08:27,508 [trainer.py] => Trainable params: 1189632
2023-11-16 15:08:27,509 [ease.py] => Learning on 0-10
2023-11-16 15:09:09,647 [ease.py] => Task 0, Epoch 20/20 => Loss 0.801, Train_accy 93.95
2023-11-16 15:09:11,977 [ease.py] => Task correct: 100.0
2023-11-16 15:09:11,977 [ease.py] => Task acc: 100.0
2023-11-16 15:09:12,010 [trainer.py] => No NME accuracy.
2023-11-16 15:09:12,010 [trainer.py] => CNN: {'total': 100.0, '00-09': 100.0, 'old': 0, 'new': 100.0}
2023-11-16 15:09:12,010 [trainer.py] => CNN top1 curve: [100.0]
2023-11-16 15:09:12,010 [trainer.py] => CNN top5 curve: [100.0]

2023-11-16 15:09:12,010 [trainer.py] => Average Accuracy (CNN): 100.0 

2023-11-16 15:09:12,011 [trainer.py] => All params: 87003650
2023-11-16 15:09:12,012 [trainer.py] => Trainable params: 1189632
2023-11-16 15:09:12,013 [ease.py] => Learning on 10-20
2023-11-16 15:09:52,189 [ease.py] => Task 1, Epoch 20/20 => Loss 0.805, Train_accy 95.72
2023-11-16 15:09:56,530 [ease.py] => Task correct: 99.59514170040485
2023-11-16 15:09:56,530 [ease.py] => Task acc: 98.78542510121457
2023-11-16 15:09:56,563 [trainer.py] => No NME accuracy.
2023-11-16 15:09:56,563 [trainer.py] => CNN: {'total': 98.38, '00-09': 99.15, '10-19': 97.67, 'old': 99.15, 'new': 97.67}
2023-11-16 15:09:56,563 [trainer.py] => CNN top1 curve: [100.0, 98.38]
2023-11-16 15:09:56,563 [trainer.py] => CNN top5 curve: [100.0, 100.0]

2023-11-16 15:09:56,563 [trainer.py] => Average Accuracy (CNN): 99.19 

2023-11-16 15:09:56,564 [trainer.py] => All params: 87026690
2023-11-16 15:09:56,565 [trainer.py] => Trainable params: 1189632
2023-11-16 15:09:56,567 [ease.py] => Learning on 20-30
2023-11-16 15:10:37,627 [ease.py] => Task 2, Epoch 20/20 => Loss 0.605, Train_accy 97.06
2023-11-16 15:10:44,119 [ease.py] => Task correct: 99.12790697674419
2023-11-16 15:10:44,119 [ease.py] => Task acc: 98.83720930232558
2023-11-16 15:10:44,161 [trainer.py] => No NME accuracy.
2023-11-16 15:10:44,161 [trainer.py] => CNN: {'total': 98.26, '00-09': 99.15, '10-19': 97.67, '20-29': 97.94, 'old': 98.38, 'new': 97.94}
2023-11-16 15:10:44,161 [trainer.py] => CNN top1 curve: [100.0, 98.38, 98.26]
2023-11-16 15:10:44,161 [trainer.py] => CNN top5 curve: [100.0, 100.0, 99.71]

2023-11-16 15:10:44,161 [trainer.py] => Average Accuracy (CNN): 98.88 

2023-11-16 15:10:44,162 [trainer.py] => All params: 87065090
2023-11-16 15:10:44,163 [trainer.py] => Trainable params: 1189632
2023-11-16 15:10:44,166 [ease.py] => Learning on 30-40
2023-11-16 15:11:24,551 [ease.py] => Task 3, Epoch 20/20 => Loss 0.704, Train_accy 96.38
2023-11-16 15:11:33,593 [ease.py] => Task correct: 98.23788546255507
2023-11-16 15:11:33,593 [ease.py] => Task acc: 99.11894273127753
2023-11-16 15:11:33,628 [trainer.py] => No NME accuracy.
2023-11-16 15:11:33,628 [trainer.py] => CNN: {'total': 97.58, '00-09': 99.15, '10-19': 96.9, '20-29': 96.91, '30-39': 97.27, 'old': 97.67, 'new': 97.27}
2023-11-16 15:11:33,628 [trainer.py] => CNN top1 curve: [100.0, 98.38, 98.26, 97.58]
2023-11-16 15:11:33,628 [trainer.py] => CNN top5 curve: [100.0, 100.0, 99.71, 99.78]

2023-11-16 15:11:33,628 [trainer.py] => Average Accuracy (CNN): 98.55499999999999 

2023-11-16 15:11:33,629 [trainer.py] => All params: 87118850
2023-11-16 15:11:33,630 [trainer.py] => Trainable params: 1189632
2023-11-16 15:11:33,634 [ease.py] => Learning on 40-50
2023-11-16 15:12:14,037 [ease.py] => Task 4, Epoch 20/20 => Loss 0.804, Train_accy 94.03
2023-11-16 15:12:25,422 [ease.py] => Task correct: 97.86096256684492
2023-11-16 15:12:25,422 [ease.py] => Task acc: 99.28698752228163
2023-11-16 15:12:25,456 [trainer.py] => No NME accuracy.
2023-11-16 15:12:25,456 [trainer.py] => CNN: {'total': 97.33, '00-09': 98.31, '10-19': 96.9, '20-29': 96.91, '30-39': 97.27, '40-49': 97.2, 'old': 97.36, 'new': 97.2}
2023-11-16 15:12:25,456 [trainer.py] => CNN top1 curve: [100.0, 98.38, 98.26, 97.58, 97.33]
2023-11-16 15:12:25,456 [trainer.py] => CNN top5 curve: [100.0, 100.0, 99.71, 99.78, 99.64]

2023-11-16 15:12:25,456 [trainer.py] => Average Accuracy (CNN): 98.30999999999999 

2023-11-16 15:12:25,457 [trainer.py] => All params: 87187970
2023-11-16 15:12:25,458 [trainer.py] => Trainable params: 1189632
2023-11-16 15:12:25,463 [ease.py] => Learning on 50-60
2023-11-16 15:13:06,545 [ease.py] => Task 5, Epoch 20/20 => Loss 0.818, Train_accy 94.09
2023-11-16 15:13:21,430 [ease.py] => Task correct: 94.64285714285714
2023-11-16 15:13:21,430 [ease.py] => Task acc: 98.80952380952381
2023-11-16 15:13:21,458 [trainer.py] => No NME accuracy.
2023-11-16 15:13:21,458 [trainer.py] => CNN: {'total': 93.9, '00-09': 88.14, '10-19': 96.9, '20-29': 96.91, '30-39': 97.27, '40-49': 96.26, '50-59': 88.29, 'old': 95.01, 'new': 88.29}
2023-11-16 15:13:21,458 [trainer.py] => CNN top1 curve: [100.0, 98.38, 98.26, 97.58, 97.33, 93.9]
2023-11-16 15:13:21,458 [trainer.py] => CNN top5 curve: [100.0, 100.0, 99.71, 99.78, 99.64, 99.4]

2023-11-16 15:13:21,458 [trainer.py] => Average Accuracy (CNN): 97.57499999999999 

2023-11-16 15:13:21,459 [trainer.py] => All params: 87272450
2023-11-16 15:13:21,459 [trainer.py] => Trainable params: 1189632
2023-11-16 15:13:21,464 [ease.py] => Learning on 60-70
2023-11-16 15:14:03,685 [ease.py] => Task 6, Epoch 20/20 => Loss 0.691, Train_accy 94.25
2023-11-16 15:14:22,135 [ease.py] => Task correct: 92.67352185089975
2023-11-16 15:14:22,136 [ease.py] => Task acc: 98.97172236503856
2023-11-16 15:14:22,179 [trainer.py] => No NME accuracy.
2023-11-16 15:14:22,179 [trainer.py] => CNN: {'total': 92.29, '00-09': 87.29, '10-19': 93.02, '20-29': 96.91, '30-39': 96.36, '40-49': 95.33, '50-59': 86.49, '60-69': 91.51, 'old': 92.41, 'new': 91.51}
2023-11-16 15:14:22,179 [trainer.py] => CNN top1 curve: [100.0, 98.38, 98.26, 97.58, 97.33, 93.9, 92.29]
2023-11-16 15:14:22,179 [trainer.py] => CNN top5 curve: [100.0, 100.0, 99.71, 99.78, 99.64, 99.4, 99.23]

2023-11-16 15:14:22,179 [trainer.py] => Average Accuracy (CNN): 96.81999999999998 

2023-11-16 15:14:22,180 [trainer.py] => All params: 87372290
2023-11-16 15:14:22,181 [trainer.py] => Trainable params: 1189632
2023-11-16 15:14:22,188 [ease.py] => Learning on 70-80
2023-11-16 15:15:02,584 [ease.py] => Task 7, Epoch 20/20 => Loss 0.590, Train_accy 96.95
2023-11-16 15:15:24,594 [ease.py] => Task correct: 93.47116430903155
2023-11-16 15:15:24,595 [ease.py] => Task acc: 99.12948857453755
2023-11-16 15:15:24,656 [trainer.py] => No NME accuracy.
2023-11-16 15:15:24,656 [trainer.py] => CNN: {'total': 93.14, '00-09': 88.98, '10-19': 93.02, '20-29': 96.91, '30-39': 96.36, '40-49': 95.33, '50-59': 86.49, '60-69': 91.51, '70-79': 96.45, 'old': 92.54, 'new': 96.45}
2023-11-16 15:15:24,656 [trainer.py] => CNN top1 curve: [100.0, 98.38, 98.26, 97.58, 97.33, 93.9, 92.29, 93.14]
2023-11-16 15:15:24,656 [trainer.py] => CNN top5 curve: [100.0, 100.0, 99.71, 99.78, 99.64, 99.4, 99.23, 99.02]

2023-11-16 15:15:24,656 [trainer.py] => Average Accuracy (CNN): 96.35999999999999 

2023-11-16 15:15:24,657 [trainer.py] => All params: 87487490
2023-11-16 15:15:24,658 [trainer.py] => Trainable params: 1189632
2023-11-16 15:15:24,666 [ease.py] => Learning on 80-90
2023-11-16 15:16:04,846 [ease.py] => Task 8, Epoch 20/20 => Loss 0.685, Train_accy 95.23
2023-11-16 15:16:30,890 [ease.py] => Task correct: 93.5361216730038
2023-11-16 15:16:30,890 [ease.py] => Task acc: 99.23954372623574
2023-11-16 15:16:30,937 [trainer.py] => No NME accuracy.
2023-11-16 15:16:30,937 [trainer.py] => CNN: {'total': 93.25, '00-09': 89.83, '10-19': 91.47, '20-29': 96.91, '30-39': 96.36, '40-49': 95.33, '50-59': 86.49, '60-69': 90.57, '70-79': 96.45, '80-89': 95.49, 'old': 92.93, 'new': 95.49}
2023-11-16 15:16:30,937 [trainer.py] => CNN top1 curve: [100.0, 98.38, 98.26, 97.58, 97.33, 93.9, 92.29, 93.14, 93.25]
2023-11-16 15:16:30,937 [trainer.py] => CNN top5 curve: [100.0, 100.0, 99.71, 99.78, 99.64, 99.4, 99.23, 99.02, 99.14]

2023-11-16 15:16:30,937 [trainer.py] => Average Accuracy (CNN): 96.01444444444444 

2023-11-16 15:16:30,938 [trainer.py] => All params: 87618050
2023-11-16 15:16:30,939 [trainer.py] => Trainable params: 1189632
2023-11-16 15:16:30,950 [ease.py] => Learning on 90-100
2023-11-16 15:17:10,893 [ease.py] => Task 9, Epoch 20/20 => Loss 0.721, Train_accy 92.72
2023-11-16 15:17:41,613 [ease.py] => Task correct: 92.42424242424242
2023-11-16 15:17:41,614 [ease.py] => Task acc: 98.9057239057239
2023-11-16 15:17:41,643 [trainer.py] => No NME accuracy.
2023-11-16 15:17:41,643 [trainer.py] => CNN: {'total': 91.75, '00-09': 88.14, '10-19': 91.47, '20-29': 96.91, '30-39': 90.91, '40-49': 95.33, '50-59': 86.49, '60-69': 87.74, '70-79': 96.45, '80-89': 95.49, '90-99': 88.24, 'old': 92.21, 'new': 88.24}
2023-11-16 15:17:41,643 [trainer.py] => CNN top1 curve: [100.0, 98.38, 98.26, 97.58, 97.33, 93.9, 92.29, 93.14, 93.25, 91.75]
2023-11-16 15:17:41,643 [trainer.py] => CNN top5 curve: [100.0, 100.0, 99.71, 99.78, 99.64, 99.4, 99.23, 99.02, 99.14, 99.07]

2023-11-16 15:17:41,643 [trainer.py] => Average Accuracy (CNN): 95.588 

2023-11-16 15:17:41,644 [trainer.py] => All params: 87763970
2023-11-16 15:17:41,644 [trainer.py] => Trainable params: 1189632
2023-11-16 15:17:41,652 [ease.py] => Learning on 100-110
2023-11-16 15:18:23,010 [ease.py] => Task 10, Epoch 20/20 => Loss 0.625, Train_accy 94.80
2023-11-16 15:18:59,611 [ease.py] => Task correct: 92.0951650038373
2023-11-16 15:18:59,611 [ease.py] => Task acc: 98.92555640828857
2023-11-16 15:18:59,655 [trainer.py] => No NME accuracy.
2023-11-16 15:18:59,655 [trainer.py] => CNN: {'total': 91.48, '00-09': 88.14, '10-19': 89.15, '20-29': 96.91, '30-39': 90.91, '40-49': 95.33, '50-59': 86.49, '60-69': 86.79, '70-79': 96.45, '80-89': 95.49, '90-99': 88.24, '100-109': 92.17, 'old': 91.41, 'new': 92.17}
2023-11-16 15:18:59,655 [trainer.py] => CNN top1 curve: [100.0, 98.38, 98.26, 97.58, 97.33, 93.9, 92.29, 93.14, 93.25, 91.75, 91.48]
2023-11-16 15:18:59,656 [trainer.py] => CNN top5 curve: [100.0, 100.0, 99.71, 99.78, 99.64, 99.4, 99.23, 99.02, 99.14, 99.07, 99.08]

2023-11-16 15:18:59,656 [trainer.py] => Average Accuracy (CNN): 95.21454545454544 

2023-11-16 15:18:59,656 [trainer.py] => All params: 87925250
2023-11-16 15:18:59,657 [trainer.py] => Trainable params: 1189632
2023-11-16 15:18:59,667 [ease.py] => Learning on 110-120
2023-11-16 15:19:41,126 [ease.py] => Task 11, Epoch 20/20 => Loss 0.696, Train_accy 96.82
2023-11-16 15:20:23,412 [ease.py] => Task correct: 90.74858757062147
2023-11-16 15:20:23,413 [ease.py] => Task acc: 98.87005649717514
2023-11-16 15:20:23,437 [trainer.py] => No NME accuracy.
2023-11-16 15:20:23,437 [trainer.py] => CNN: {'total': 90.18, '00-09': 88.98, '10-19': 88.37, '20-29': 96.91, '30-39': 90.91, '40-49': 95.33, '50-59': 85.59, '60-69': 85.85, '70-79': 89.36, '80-89': 94.74, '90-99': 87.5, '100-109': 92.17, '110-119': 87.61, 'old': 90.41, 'new': 87.61}
2023-11-16 15:20:23,437 [trainer.py] => CNN top1 curve: [100.0, 98.38, 98.26, 97.58, 97.33, 93.9, 92.29, 93.14, 93.25, 91.75, 91.48, 90.18]
2023-11-16 15:20:23,437 [trainer.py] => CNN top5 curve: [100.0, 100.0, 99.71, 99.78, 99.64, 99.4, 99.23, 99.02, 99.14, 99.07, 99.08, 98.94]

2023-11-16 15:20:23,437 [trainer.py] => Average Accuracy (CNN): 94.795 

2023-11-16 15:20:23,438 [trainer.py] => All params: 88101890
2023-11-16 15:20:23,438 [trainer.py] => Trainable params: 1189632
2023-11-16 15:20:23,447 [ease.py] => Learning on 120-130
2023-11-16 15:21:06,270 [ease.py] => Task 12, Epoch 20/20 => Loss 0.781, Train_accy 93.36
2023-11-16 15:21:53,250 [ease.py] => Task correct: 90.15101772816809
2023-11-16 15:21:53,250 [ease.py] => Task acc: 98.68680236375575
2023-11-16 15:21:53,286 [trainer.py] => No NME accuracy.
2023-11-16 15:21:53,286 [trainer.py] => CNN: {'total': 89.56, '00-09': 86.44, '10-19': 89.15, '20-29': 96.91, '30-39': 89.09, '40-49': 92.52, '50-59': 85.59, '60-69': 85.85, '70-79': 89.36, '80-89': 93.98, '90-99': 86.76, '100-109': 92.17, '110-119': 87.61, '120-129': 89.72, 'old': 89.55, 'new': 89.72}
2023-11-16 15:21:53,286 [trainer.py] => CNN top1 curve: [100.0, 98.38, 98.26, 97.58, 97.33, 93.9, 92.29, 93.14, 93.25, 91.75, 91.48, 90.18, 89.56]
2023-11-16 15:21:53,287 [trainer.py] => CNN top5 curve: [100.0, 100.0, 99.71, 99.78, 99.64, 99.4, 99.23, 99.02, 99.14, 99.07, 99.08, 98.94, 98.95]

2023-11-16 15:21:53,287 [trainer.py] => Average Accuracy (CNN): 94.39230769230768 

2023-11-16 15:21:53,288 [trainer.py] => All params: 88293890
2023-11-16 15:21:53,288 [trainer.py] => Trainable params: 1189632
2023-11-16 15:21:53,305 [ease.py] => Learning on 130-140
2023-11-16 15:22:35,310 [ease.py] => Task 13, Epoch 20/20 => Loss 0.897, Train_accy 94.07
2023-11-16 15:23:28,690 [ease.py] => Task correct: 90.00609384521633
2023-11-16 15:23:28,690 [ease.py] => Task acc: 98.53747714808044
2023-11-16 15:23:28,741 [trainer.py] => No NME accuracy.
2023-11-16 15:23:28,741 [trainer.py] => CNN: {'total': 89.4, '00-09': 88.14, '10-19': 89.92, '20-29': 96.91, '30-39': 89.09, '40-49': 92.52, '50-59': 85.59, '60-69': 85.85, '70-79': 89.36, '80-89': 93.98, '90-99': 87.5, '100-109': 92.17, '110-119': 87.61, '120-129': 84.11, '130-139': 88.98, 'old': 89.43, 'new': 88.98}
2023-11-16 15:23:28,741 [trainer.py] => CNN top1 curve: [100.0, 98.38, 98.26, 97.58, 97.33, 93.9, 92.29, 93.14, 93.25, 91.75, 91.48, 90.18, 89.56, 89.4]
2023-11-16 15:23:28,741 [trainer.py] => CNN top5 curve: [100.0, 100.0, 99.71, 99.78, 99.64, 99.4, 99.23, 99.02, 99.14, 99.07, 99.08, 98.94, 98.95, 98.78]

2023-11-16 15:23:28,741 [trainer.py] => Average Accuracy (CNN): 94.03571428571429 

2023-11-16 15:23:28,742 [trainer.py] => All params: 88501250
2023-11-16 15:23:28,743 [trainer.py] => Trainable params: 1189632
2023-11-16 15:23:28,762 [ease.py] => Learning on 140-150
2023-11-16 15:24:09,235 [ease.py] => Task 14, Epoch 20/20 => Loss 0.819, Train_accy 95.80
2023-11-16 15:25:07,429 [ease.py] => Task correct: 89.13412563667232
2023-11-16 15:25:07,429 [ease.py] => Task acc: 98.5851726089417
2023-11-16 15:25:07,478 [trainer.py] => No NME accuracy.
2023-11-16 15:25:07,478 [trainer.py] => CNN: {'total': 88.57, '00-09': 84.75, '10-19': 90.7, '20-29': 96.91, '30-39': 87.27, '40-49': 92.52, '50-59': 85.59, '60-69': 85.85, '70-79': 89.36, '80-89': 93.98, '90-99': 86.76, '100-109': 91.3, '110-119': 84.07, '120-129': 84.11, '130-139': 88.98, '140-149': 86.51, 'old': 88.73, 'new': 86.51}
2023-11-16 15:25:07,478 [trainer.py] => CNN top1 curve: [100.0, 98.38, 98.26, 97.58, 97.33, 93.9, 92.29, 93.14, 93.25, 91.75, 91.48, 90.18, 89.56, 89.4, 88.57]
2023-11-16 15:25:07,478 [trainer.py] => CNN top5 curve: [100.0, 100.0, 99.71, 99.78, 99.64, 99.4, 99.23, 99.02, 99.14, 99.07, 99.08, 98.94, 98.95, 98.78, 98.64]

2023-11-16 15:25:07,478 [trainer.py] => Average Accuracy (CNN): 93.67133333333332 

2023-11-16 15:25:07,479 [trainer.py] => All params: 88723970
2023-11-16 15:25:07,480 [trainer.py] => Trainable params: 1189632
2023-11-16 15:25:07,494 [ease.py] => Learning on 150-160
2023-11-16 15:25:48,467 [ease.py] => Task 15, Epoch 20/20 => Loss 0.807, Train_accy 94.23
2023-11-16 15:26:54,954 [ease.py] => Task correct: 89.21205711263882
2023-11-16 15:26:54,955 [ease.py] => Task acc: 98.67794817556849
2023-11-16 15:26:54,997 [trainer.py] => No NME accuracy.
2023-11-16 15:26:54,997 [trainer.py] => CNN: {'total': 88.74, '00-09': 83.9, '10-19': 90.7, '20-29': 96.91, '30-39': 87.27, '40-49': 92.52, '50-59': 85.59, '60-69': 85.85, '70-79': 89.36, '80-89': 93.98, '90-99': 86.76, '100-109': 88.7, '110-119': 84.07, '120-129': 84.11, '130-139': 88.98, '140-149': 86.51, '150-159': 94.35, 'old': 88.34, 'new': 94.35}
2023-11-16 15:26:54,997 [trainer.py] => CNN top1 curve: [100.0, 98.38, 98.26, 97.58, 97.33, 93.9, 92.29, 93.14, 93.25, 91.75, 91.48, 90.18, 89.56, 89.4, 88.57, 88.74]
2023-11-16 15:26:54,997 [trainer.py] => CNN top5 curve: [100.0, 100.0, 99.71, 99.78, 99.64, 99.4, 99.23, 99.02, 99.14, 99.07, 99.08, 98.94, 98.95, 98.78, 98.64, 98.57]

2023-11-16 15:26:54,997 [trainer.py] => Average Accuracy (CNN): 93.363125 

2023-11-16 15:26:54,998 [trainer.py] => All params: 88962050
2023-11-16 15:26:54,998 [trainer.py] => Trainable params: 1189632
2023-11-16 15:26:55,014 [ease.py] => Learning on 160-170
2023-11-16 15:27:36,209 [ease.py] => Task 16, Epoch 20/20 => Loss 0.673, Train_accy 96.12
2023-11-16 15:28:47,946 [ease.py] => Task correct: 88.5925925925926
2023-11-16 15:28:47,946 [ease.py] => Task acc: 98.71604938271605
2023-11-16 15:28:47,974 [trainer.py] => No NME accuracy.
2023-11-16 15:28:47,974 [trainer.py] => CNN: {'total': 88.1, '00-09': 83.9, '10-19': 90.7, '20-29': 95.88, '30-39': 87.27, '40-49': 87.85, '50-59': 85.59, '60-69': 84.91, '70-79': 89.36, '80-89': 93.98, '90-99': 85.29, '100-109': 88.7, '110-119': 83.19, '120-129': 84.11, '130-139': 88.14, '140-149': 85.71, '150-159': 94.35, '160-169': 88.06, 'old': 88.1, 'new': 88.06}
2023-11-16 15:28:47,974 [trainer.py] => CNN top1 curve: [100.0, 98.38, 98.26, 97.58, 97.33, 93.9, 92.29, 93.14, 93.25, 91.75, 91.48, 90.18, 89.56, 89.4, 88.57, 88.74, 88.1]
2023-11-16 15:28:47,974 [trainer.py] => CNN top5 curve: [100.0, 100.0, 99.71, 99.78, 99.64, 99.4, 99.23, 99.02, 99.14, 99.07, 99.08, 98.94, 98.95, 98.78, 98.64, 98.57, 98.47]

2023-11-16 15:28:47,974 [trainer.py] => Average Accuracy (CNN): 93.0535294117647 

2023-11-16 15:28:47,975 [trainer.py] => All params: 89215490
2023-11-16 15:28:47,975 [trainer.py] => Trainable params: 1189632
2023-11-16 15:28:47,992 [ease.py] => Learning on 170-180
2023-11-16 15:29:30,105 [ease.py] => Task 17, Epoch 20/20 => Loss 0.743, Train_accy 96.36
2023-11-16 15:30:50,859 [ease.py] => Task correct: 88.62781954887218
2023-11-16 15:30:50,860 [ease.py] => Task acc: 98.7312030075188
2023-11-16 15:30:50,897 [trainer.py] => No NME accuracy.
2023-11-16 15:30:50,897 [trainer.py] => CNN: {'total': 88.11, '00-09': 83.9, '10-19': 89.92, '20-29': 95.88, '30-39': 87.27, '40-49': 87.85, '50-59': 85.59, '60-69': 84.91, '70-79': 89.36, '80-89': 93.98, '90-99': 85.29, '100-109': 88.7, '110-119': 83.19, '120-129': 83.18, '130-139': 88.14, '140-149': 84.13, '150-159': 92.74, '160-169': 88.06, '170-179': 94.17, 'old': 87.8, 'new': 94.17}
2023-11-16 15:30:50,897 [trainer.py] => CNN top1 curve: [100.0, 98.38, 98.26, 97.58, 97.33, 93.9, 92.29, 93.14, 93.25, 91.75, 91.48, 90.18, 89.56, 89.4, 88.57, 88.74, 88.1, 88.11]
2023-11-16 15:30:50,897 [trainer.py] => CNN top5 curve: [100.0, 100.0, 99.71, 99.78, 99.64, 99.4, 99.23, 99.02, 99.14, 99.07, 99.08, 98.94, 98.95, 98.78, 98.64, 98.57, 98.47, 98.4]

2023-11-16 15:30:50,897 [trainer.py] => Average Accuracy (CNN): 92.77888888888887 

2023-11-16 15:30:50,898 [trainer.py] => All params: 89484290
2023-11-16 15:30:50,899 [trainer.py] => Trainable params: 1189632
2023-11-16 15:30:50,926 [ease.py] => Learning on 180-190
2023-11-16 15:31:32,100 [ease.py] => Task 18, Epoch 20/20 => Loss 0.752, Train_accy 94.07
2023-11-16 15:33:00,260 [ease.py] => Task correct: 88.09734513274336
2023-11-16 15:33:00,261 [ease.py] => Task acc: 98.6283185840708
2023-11-16 15:33:00,304 [trainer.py] => No NME accuracy.
2023-11-16 15:33:00,304 [trainer.py] => CNN: {'total': 87.57, '00-09': 83.9, '10-19': 89.92, '20-29': 93.81, '30-39': 85.45, '40-49': 86.92, '50-59': 85.59, '60-69': 84.91, '70-79': 89.36, '80-89': 93.98, '90-99': 85.29, '100-109': 88.7, '110-119': 82.3, '120-129': 81.31, '130-139': 88.14, '140-149': 84.13, '150-159': 92.74, '160-169': 88.06, '170-179': 94.17, '180-189': 84.85, 'old': 87.73, 'new': 84.85}
2023-11-16 15:33:00,304 [trainer.py] => CNN top1 curve: [100.0, 98.38, 98.26, 97.58, 97.33, 93.9, 92.29, 93.14, 93.25, 91.75, 91.48, 90.18, 89.56, 89.4, 88.57, 88.74, 88.1, 88.11, 87.57]
2023-11-16 15:33:00,304 [trainer.py] => CNN top5 curve: [100.0, 100.0, 99.71, 99.78, 99.64, 99.4, 99.23, 99.02, 99.14, 99.07, 99.08, 98.94, 98.95, 98.78, 98.64, 98.57, 98.47, 98.4, 98.19]

2023-11-16 15:33:00,304 [trainer.py] => Average Accuracy (CNN): 92.50473684210525 

2023-11-16 15:33:00,305 [trainer.py] => All params: 89768450
2023-11-16 15:33:00,306 [trainer.py] => Trainable params: 1189632
2023-11-16 15:33:00,326 [ease.py] => Learning on 190-200
2023-11-16 15:33:43,015 [ease.py] => Task 19, Epoch 20/20 => Loss 0.708, Train_accy 93.56
2023-11-16 15:35:20,156 [ease.py] => Task correct: 87.36217133163699
2023-11-16 15:35:20,157 [ease.py] => Task acc: 98.55810008481764
2023-11-16 15:35:20,178 [trainer.py] => No NME accuracy.
2023-11-16 15:35:20,178 [trainer.py] => CNN: {'total': 86.81, '00-09': 83.9, '10-19': 89.15, '20-29': 93.81, '30-39': 85.45, '40-49': 86.92, '50-59': 85.59, '60-69': 77.36, '70-79': 88.65, '80-89': 93.98, '90-99': 85.29, '100-109': 88.7, '110-119': 83.19, '120-129': 79.44, '130-139': 88.14, '140-149': 84.13, '150-159': 92.74, '160-169': 85.82, '170-179': 93.2, '180-189': 84.09, '190-199': 85.71, 'old': 86.86, 'new': 85.71}
2023-11-16 15:35:20,178 [trainer.py] => CNN top1 curve: [100.0, 98.38, 98.26, 97.58, 97.33, 93.9, 92.29, 93.14, 93.25, 91.75, 91.48, 90.18, 89.56, 89.4, 88.57, 88.74, 88.1, 88.11, 87.57, 86.81]
2023-11-16 15:35:20,178 [trainer.py] => CNN top5 curve: [100.0, 100.0, 99.71, 99.78, 99.64, 99.4, 99.23, 99.02, 99.14, 99.07, 99.08, 98.94, 98.95, 98.78, 98.64, 98.57, 98.47, 98.4, 98.19, 98.13]

2023-11-16 15:35:20,178 [trainer.py] => Average Accuracy (CNN): 92.21999999999998 

