2023-11-16 15:35:22,677 [trainer.py] => config: ./exps/ease_cub.json
2023-11-16 15:35:22,678 [trainer.py] => prefix:  
2023-11-16 15:35:22,678 [trainer.py] => dataset: cub
2023-11-16 15:35:22,678 [trainer.py] => memory_size: 0
2023-11-16 15:35:22,678 [trainer.py] => memory_per_class: 0
2023-11-16 15:35:22,678 [trainer.py] => fixed_memory: False
2023-11-16 15:35:22,678 [trainer.py] => shuffle: True
2023-11-16 15:35:22,678 [trainer.py] => init_cls: 10
2023-11-16 15:35:22,678 [trainer.py] => increment: 10
2023-11-16 15:35:22,678 [trainer.py] => model_name: ease
2023-11-16 15:35:22,678 [trainer.py] => backbone_type: vit_base_patch16_224_ease
2023-11-16 15:35:22,678 [trainer.py] => device: [device(type='cuda', index=3)]
2023-11-16 15:35:22,678 [trainer.py] => seed: 1993
2023-11-16 15:35:22,678 [trainer.py] => init_epochs: 20
2023-11-16 15:35:22,678 [trainer.py] => init_lr: 0.005
2023-11-16 15:35:22,678 [trainer.py] => later_epochs: 20
2023-11-16 15:35:22,678 [trainer.py] => later_lr: 0.005
2023-11-16 15:35:22,678 [trainer.py] => batch_size: 16
2023-11-16 15:35:22,678 [trainer.py] => weight_decay: 0.0005
2023-11-16 15:35:22,678 [trainer.py] => min_lr: 0
2023-11-16 15:35:22,678 [trainer.py] => optimizer: sgd
2023-11-16 15:35:22,678 [trainer.py] => scheduler: cosine
2023-11-16 15:35:22,678 [trainer.py] => pretrained: True
2023-11-16 15:35:22,678 [trainer.py] => vpt_type: Deep
2023-11-16 15:35:22,678 [trainer.py] => prompt_token_num: 5
2023-11-16 15:35:22,678 [trainer.py] => ffn_num: 64
2023-11-16 15:35:22,678 [trainer.py] => solve_method: sim
2023-11-16 15:35:22,678 [trainer.py] => use_diagonal: False
2023-11-16 15:35:22,678 [trainer.py] => recalc_sim: True
2023-11-16 15:35:22,679 [trainer.py] => alpha: 0.005
2023-11-16 15:35:22,679 [trainer.py] => use_init_ptm: True
2023-11-16 15:35:22,679 [trainer.py] => beta: 1
2023-11-16 15:35:22,679 [trainer.py] => use_old_data: False
2023-11-16 15:35:22,679 [trainer.py] => use_reweight: True
2023-11-16 15:35:22,679 [trainer.py] => moni_adam: False
2023-11-16 15:35:22,679 [trainer.py] => adapter_num: -1
2023-11-16 15:35:22,723 [data_manager.py] => [168, 136, 51, 9, 183, 101, 171, 99, 42, 159, 191, 70, 16, 188, 27, 10, 175, 26, 68, 187, 98, 6, 85, 35, 112, 43, 100, 0, 103, 181, 88, 59, 4, 2, 116, 174, 94, 80, 106, 1, 147, 17, 141, 131, 72, 23, 173, 54, 197, 118, 87, 32, 79, 104, 91, 19, 135, 107, 178, 36, 11, 199, 142, 8, 122, 3, 28, 57, 153, 172, 190, 56, 49, 44, 97, 62, 151, 169, 194, 55, 192, 12, 189, 78, 66, 180, 15, 137, 109, 134, 92, 119, 126, 52, 170, 40, 148, 65, 144, 64, 138, 45, 77, 89, 154, 90, 71, 193, 74, 30, 113, 143, 96, 84, 67, 50, 186, 156, 69, 21, 18, 111, 108, 58, 125, 157, 150, 110, 182, 129, 166, 83, 81, 60, 13, 165, 14, 176, 63, 117, 5, 22, 145, 121, 38, 41, 82, 127, 114, 20, 31, 53, 37, 163, 196, 130, 152, 162, 86, 76, 24, 34, 184, 149, 33, 128, 198, 155, 146, 167, 139, 120, 140, 102, 47, 25, 158, 123, 46, 164, 61, 7, 115, 75, 133, 160, 105, 132, 179, 124, 48, 73, 93, 39, 95, 195, 29, 177, 185, 161]
2023-11-16 15:35:25,940 [trainer.py] => All params: 86988288
2023-11-16 15:35:25,941 [trainer.py] => Trainable params: 1189632
2023-11-16 15:35:25,942 [ease.py] => Learning on 0-10
2023-11-16 15:36:07,276 [ease.py] => Task 0, Epoch 20/20 => Loss 0.597, Train_accy 93.74
2023-11-16 15:36:10,856 [ease.py] => Task correct: 100.0
2023-11-16 15:36:10,856 [ease.py] => Task acc: 100.0
2023-11-16 15:36:10,896 [trainer.py] => No NME accuracy.
2023-11-16 15:36:10,896 [trainer.py] => CNN: {'total': 100.0, '00-09': 100.0, 'old': 0, 'new': 100.0}
2023-11-16 15:36:10,896 [trainer.py] => CNN top1 curve: [100.0]
2023-11-16 15:36:10,896 [trainer.py] => CNN top5 curve: [100.0]

2023-11-16 15:36:10,896 [trainer.py] => Average Accuracy (CNN): 100.0 

2023-11-16 15:36:10,897 [trainer.py] => All params: 87011330
2023-11-16 15:36:10,898 [trainer.py] => Trainable params: 1189632
2023-11-16 15:36:10,899 [ease.py] => Learning on 10-20
2023-11-16 15:36:50,634 [ease.py] => Task 1, Epoch 20/20 => Loss 0.605, Train_accy 93.36
2023-11-16 15:36:56,816 [ease.py] => Task correct: 100.0
2023-11-16 15:36:56,816 [ease.py] => Task acc: 98.38056680161944
2023-11-16 15:36:56,850 [trainer.py] => No NME accuracy.
2023-11-16 15:36:56,850 [trainer.py] => CNN: {'total': 98.38, '00-09': 100.0, '10-19': 96.9, 'old': 100.0, 'new': 96.9}
2023-11-16 15:36:56,850 [trainer.py] => CNN top1 curve: [100.0, 98.38]
2023-11-16 15:36:56,850 [trainer.py] => CNN top5 curve: [100.0, 100.0]

2023-11-16 15:36:56,850 [trainer.py] => Average Accuracy (CNN): 99.19 

2023-11-16 15:36:56,851 [trainer.py] => All params: 87042050
2023-11-16 15:36:56,851 [trainer.py] => Trainable params: 1189632
2023-11-16 15:36:56,853 [ease.py] => Learning on 20-30
2023-11-16 15:37:36,930 [ease.py] => Task 2, Epoch 20/20 => Loss 0.425, Train_accy 97.69
2023-11-16 15:37:45,088 [ease.py] => Task correct: 99.12790697674419
2023-11-16 15:37:45,088 [ease.py] => Task acc: 98.54651162790698
2023-11-16 15:37:45,122 [trainer.py] => No NME accuracy.
2023-11-16 15:37:45,122 [trainer.py] => CNN: {'total': 97.97, '00-09': 99.15, '10-19': 96.9, '20-29': 97.94, 'old': 97.98, 'new': 97.94}
2023-11-16 15:37:45,122 [trainer.py] => CNN top1 curve: [100.0, 98.38, 97.97]
2023-11-16 15:37:45,122 [trainer.py] => CNN top5 curve: [100.0, 100.0, 99.71]

2023-11-16 15:37:45,122 [trainer.py] => Average Accuracy (CNN): 98.78333333333335 

2023-11-16 15:37:45,123 [trainer.py] => All params: 87088130
2023-11-16 15:37:45,124 [trainer.py] => Trainable params: 1189632
2023-11-16 15:37:45,127 [ease.py] => Learning on 30-40
2023-11-16 15:38:25,241 [ease.py] => Task 3, Epoch 20/20 => Loss 0.487, Train_accy 95.74
2023-11-16 15:38:36,337 [ease.py] => Task correct: 97.79735682819383
2023-11-16 15:38:36,337 [ease.py] => Task acc: 98.6784140969163
2023-11-16 15:38:36,367 [trainer.py] => No NME accuracy.
2023-11-16 15:38:36,367 [trainer.py] => CNN: {'total': 96.7, '00-09': 98.31, '10-19': 96.12, '20-29': 96.91, '30-39': 95.45, 'old': 97.09, 'new': 95.45}
2023-11-16 15:38:36,367 [trainer.py] => CNN top1 curve: [100.0, 98.38, 97.97, 96.7]
2023-11-16 15:38:36,367 [trainer.py] => CNN top5 curve: [100.0, 100.0, 99.71, 99.78]

2023-11-16 15:38:36,367 [trainer.py] => Average Accuracy (CNN): 98.2625 

2023-11-16 15:38:36,368 [trainer.py] => All params: 87149570
2023-11-16 15:38:36,369 [trainer.py] => Trainable params: 1189632
2023-11-16 15:38:36,372 [ease.py] => Learning on 40-50
2023-11-16 15:39:16,419 [ease.py] => Task 4, Epoch 20/20 => Loss 0.541, Train_accy 94.24
2023-11-16 15:39:29,336 [ease.py] => Task correct: 97.14795008912655
2023-11-16 15:39:29,336 [ease.py] => Task acc: 98.93048128342247
2023-11-16 15:39:29,375 [trainer.py] => No NME accuracy.
2023-11-16 15:39:29,375 [trainer.py] => CNN: {'total': 96.26, '00-09': 98.31, '10-19': 95.35, '20-29': 96.91, '30-39': 94.55, '40-49': 96.26, 'old': 96.26, 'new': 96.26}
2023-11-16 15:39:29,375 [trainer.py] => CNN top1 curve: [100.0, 98.38, 97.97, 96.7, 96.26]
2023-11-16 15:39:29,375 [trainer.py] => CNN top5 curve: [100.0, 100.0, 99.71, 99.78, 99.82]

2023-11-16 15:39:29,375 [trainer.py] => Average Accuracy (CNN): 97.862 

2023-11-16 15:39:29,376 [trainer.py] => All params: 87226370
2023-11-16 15:39:29,377 [trainer.py] => Trainable params: 1189632
2023-11-16 15:39:29,381 [ease.py] => Learning on 50-60
2023-11-16 15:40:09,914 [ease.py] => Task 5, Epoch 20/20 => Loss 0.610, Train_accy 92.41
2023-11-16 15:40:26,760 [ease.py] => Task correct: 94.49404761904762
2023-11-16 15:40:26,760 [ease.py] => Task acc: 98.66071428571429
2023-11-16 15:40:26,791 [trainer.py] => No NME accuracy.
2023-11-16 15:40:26,791 [trainer.py] => CNN: {'total': 93.6, '00-09': 90.68, '10-19': 95.35, '20-29': 96.91, '30-39': 94.55, '40-49': 95.33, '50-59': 89.19, 'old': 94.47, 'new': 89.19}
2023-11-16 15:40:26,791 [trainer.py] => CNN top1 curve: [100.0, 98.38, 97.97, 96.7, 96.26, 93.6]
2023-11-16 15:40:26,791 [trainer.py] => CNN top5 curve: [100.0, 100.0, 99.71, 99.78, 99.82, 99.7]

2023-11-16 15:40:26,791 [trainer.py] => Average Accuracy (CNN): 97.15166666666666 

2023-11-16 15:40:26,792 [trainer.py] => All params: 87318530
2023-11-16 15:40:26,792 [trainer.py] => Trainable params: 1189632
2023-11-16 15:40:26,799 [ease.py] => Learning on 60-70
2023-11-16 15:41:08,180 [ease.py] => Task 6, Epoch 20/20 => Loss 0.523, Train_accy 93.63
2023-11-16 15:41:29,351 [ease.py] => Task correct: 91.77377892030849
2023-11-16 15:41:29,351 [ease.py] => Task acc: 98.7146529562982
2023-11-16 15:41:29,377 [trainer.py] => No NME accuracy.
2023-11-16 15:41:29,377 [trainer.py] => CNN: {'total': 91.39, '00-09': 89.83, '10-19': 92.25, '20-29': 96.91, '30-39': 93.64, '40-49': 94.39, '50-59': 86.49, '60-69': 86.79, 'old': 92.11, 'new': 86.79}
2023-11-16 15:41:29,377 [trainer.py] => CNN top1 curve: [100.0, 98.38, 97.97, 96.7, 96.26, 93.6, 91.39]
2023-11-16 15:41:29,377 [trainer.py] => CNN top5 curve: [100.0, 100.0, 99.71, 99.78, 99.82, 99.7, 99.36]

2023-11-16 15:41:29,377 [trainer.py] => Average Accuracy (CNN): 96.32857142857142 

2023-11-16 15:41:29,378 [trainer.py] => All params: 87426050
2023-11-16 15:41:29,379 [trainer.py] => Trainable params: 1189632
2023-11-16 15:41:29,384 [ease.py] => Learning on 70-80
2023-11-16 15:42:07,588 [ease.py] => Task 7, Epoch 20/20 => Loss 0.432, Train_accy 96.73
2023-11-16 15:42:31,635 [ease.py] => Task correct: 92.49183895538629
2023-11-16 15:42:31,636 [ease.py] => Task acc: 98.80304678998912
2023-11-16 15:42:31,669 [trainer.py] => No NME accuracy.
2023-11-16 15:42:31,669 [trainer.py] => CNN: {'total': 92.17, '00-09': 89.83, '10-19': 92.25, '20-29': 96.91, '30-39': 93.64, '40-49': 94.39, '50-59': 86.49, '60-69': 86.79, '70-79': 96.45, 'old': 91.39, 'new': 96.45}
2023-11-16 15:42:31,669 [trainer.py] => CNN top1 curve: [100.0, 98.38, 97.97, 96.7, 96.26, 93.6, 91.39, 92.17]
2023-11-16 15:42:31,669 [trainer.py] => CNN top5 curve: [100.0, 100.0, 99.71, 99.78, 99.82, 99.7, 99.36, 99.35]

2023-11-16 15:42:31,669 [trainer.py] => Average Accuracy (CNN): 95.80874999999999 

2023-11-16 15:42:31,670 [trainer.py] => All params: 87548930
2023-11-16 15:42:31,671 [trainer.py] => Trainable params: 1189632
2023-11-16 15:42:31,677 [ease.py] => Learning on 80-90
2023-11-16 15:43:10,640 [ease.py] => Task 8, Epoch 20/20 => Loss 0.517, Train_accy 94.79
2023-11-16 15:43:39,604 [ease.py] => Task correct: 92.20532319391636
2023-11-16 15:43:39,607 [ease.py] => Task acc: 98.95437262357414
2023-11-16 15:43:39,651 [trainer.py] => No NME accuracy.
2023-11-16 15:43:39,651 [trainer.py] => CNN: {'total': 91.92, '00-09': 89.83, '10-19': 89.15, '20-29': 96.91, '30-39': 93.64, '40-49': 94.39, '50-59': 86.49, '60-69': 86.79, '70-79': 95.04, '80-89': 94.74, 'old': 91.51, 'new': 94.74}
2023-11-16 15:43:39,651 [trainer.py] => CNN top1 curve: [100.0, 98.38, 97.97, 96.7, 96.26, 93.6, 91.39, 92.17, 91.92]
2023-11-16 15:43:39,651 [trainer.py] => CNN top5 curve: [100.0, 100.0, 99.71, 99.78, 99.82, 99.7, 99.36, 99.35, 99.24]

2023-11-16 15:43:39,651 [trainer.py] => Average Accuracy (CNN): 95.37666666666665 

2023-11-16 15:43:39,652 [trainer.py] => All params: 87687170
2023-11-16 15:43:39,652 [trainer.py] => Trainable params: 1189632
2023-11-16 15:43:39,658 [ease.py] => Learning on 90-100
2023-11-16 15:44:18,728 [ease.py] => Task 9, Epoch 20/20 => Loss 0.545, Train_accy 94.04
2023-11-16 15:44:52,284 [ease.py] => Task correct: 91.91919191919192
2023-11-16 15:44:52,285 [ease.py] => Task acc: 98.65319865319866
2023-11-16 15:44:52,317 [trainer.py] => No NME accuracy.
2023-11-16 15:44:52,317 [trainer.py] => CNN: {'total': 91.33, '00-09': 88.98, '10-19': 89.15, '20-29': 96.91, '30-39': 90.0, '40-49': 94.39, '50-59': 86.49, '60-69': 85.85, '70-79': 95.04, '80-89': 94.74, '90-99': 91.18, 'old': 91.35, 'new': 91.18}
2023-11-16 15:44:52,317 [trainer.py] => CNN top1 curve: [100.0, 98.38, 97.97, 96.7, 96.26, 93.6, 91.39, 92.17, 91.92, 91.33]
2023-11-16 15:44:52,318 [trainer.py] => CNN top5 curve: [100.0, 100.0, 99.71, 99.78, 99.82, 99.7, 99.36, 99.35, 99.24, 99.16]

2023-11-16 15:44:52,318 [trainer.py] => Average Accuracy (CNN): 94.972 

2023-11-16 15:44:52,318 [trainer.py] => All params: 87840770
2023-11-16 15:44:52,319 [trainer.py] => Trainable params: 1189632
2023-11-16 15:44:52,328 [ease.py] => Learning on 100-110
2023-11-16 15:45:33,035 [ease.py] => Task 10, Epoch 20/20 => Loss 0.469, Train_accy 95.22
2023-11-16 15:46:13,186 [ease.py] => Task correct: 91.55794320798158
2023-11-16 15:46:13,187 [ease.py] => Task acc: 98.69531849577898
2023-11-16 15:46:13,214 [trainer.py] => No NME accuracy.
2023-11-16 15:46:13,215 [trainer.py] => CNN: {'total': 91.02, '00-09': 88.98, '10-19': 86.82, '20-29': 96.91, '30-39': 89.09, '40-49': 94.39, '50-59': 85.59, '60-69': 84.91, '70-79': 95.04, '80-89': 94.74, '90-99': 91.18, '100-109': 93.04, 'old': 90.82, 'new': 93.04}
2023-11-16 15:46:13,215 [trainer.py] => CNN top1 curve: [100.0, 98.38, 97.97, 96.7, 96.26, 93.6, 91.39, 92.17, 91.92, 91.33, 91.02]
2023-11-16 15:46:13,215 [trainer.py] => CNN top5 curve: [100.0, 100.0, 99.71, 99.78, 99.82, 99.7, 99.36, 99.35, 99.24, 99.16, 99.23]

2023-11-16 15:46:13,215 [trainer.py] => Average Accuracy (CNN): 94.61272727272727 

2023-11-16 15:46:13,215 [trainer.py] => All params: 88009730
2023-11-16 15:46:13,216 [trainer.py] => Trainable params: 1189632
2023-11-16 15:46:13,226 [ease.py] => Learning on 110-120
2023-11-16 15:46:52,563 [ease.py] => Task 11, Epoch 20/20 => Loss 0.520, Train_accy 95.33
2023-11-16 15:47:37,299 [ease.py] => Task correct: 89.4774011299435
2023-11-16 15:47:37,300 [ease.py] => Task acc: 98.51694915254237
2023-11-16 15:47:37,328 [trainer.py] => No NME accuracy.
2023-11-16 15:47:37,329 [trainer.py] => CNN: {'total': 88.98, '00-09': 88.98, '10-19': 86.82, '20-29': 96.91, '30-39': 89.09, '40-49': 94.39, '50-59': 84.68, '60-69': 83.02, '70-79': 88.65, '80-89': 93.23, '90-99': 89.71, '100-109': 93.04, '110-119': 79.65, 'old': 89.79, 'new': 79.65}
2023-11-16 15:47:37,329 [trainer.py] => CNN top1 curve: [100.0, 98.38, 97.97, 96.7, 96.26, 93.6, 91.39, 92.17, 91.92, 91.33, 91.02, 88.98]
2023-11-16 15:47:37,329 [trainer.py] => CNN top5 curve: [100.0, 100.0, 99.71, 99.78, 99.82, 99.7, 99.36, 99.35, 99.24, 99.16, 99.23, 98.8]

2023-11-16 15:47:37,329 [trainer.py] => Average Accuracy (CNN): 94.14333333333333 

2023-11-16 15:47:37,329 [trainer.py] => All params: 88194050
2023-11-16 15:47:37,330 [trainer.py] => Trainable params: 1189632
2023-11-16 15:47:37,340 [ease.py] => Learning on 120-130
2023-11-16 15:48:17,855 [ease.py] => Task 12, Epoch 20/20 => Loss 0.588, Train_accy 92.95
2023-11-16 15:49:09,366 [ease.py] => Task correct: 88.96913985554826
2023-11-16 15:49:09,367 [ease.py] => Task acc: 98.16152330925804
2023-11-16 15:49:09,396 [trainer.py] => No NME accuracy.
2023-11-16 15:49:09,396 [trainer.py] => CNN: {'total': 88.18, '00-09': 85.59, '10-19': 86.82, '20-29': 96.91, '30-39': 87.27, '40-49': 91.59, '50-59': 84.68, '60-69': 83.02, '70-79': 88.65, '80-89': 93.23, '90-99': 88.97, '100-109': 93.04, '110-119': 79.65, '120-129': 86.92, 'old': 88.28, 'new': 86.92}
2023-11-16 15:49:09,396 [trainer.py] => CNN top1 curve: [100.0, 98.38, 97.97, 96.7, 96.26, 93.6, 91.39, 92.17, 91.92, 91.33, 91.02, 88.98, 88.18]
2023-11-16 15:49:09,396 [trainer.py] => CNN top5 curve: [100.0, 100.0, 99.71, 99.78, 99.82, 99.7, 99.36, 99.35, 99.24, 99.16, 99.23, 98.8, 98.82]

2023-11-16 15:49:09,397 [trainer.py] => Average Accuracy (CNN): 93.6846153846154 

2023-11-16 15:49:09,397 [trainer.py] => All params: 88393730
2023-11-16 15:49:09,398 [trainer.py] => Trainable params: 1189632
2023-11-16 15:49:09,410 [ease.py] => Learning on 130-140
2023-11-16 15:49:48,712 [ease.py] => Task 13, Epoch 20/20 => Loss 0.651, Train_accy 94.92
2023-11-16 15:50:45,870 [ease.py] => Task correct: 88.17794028031688
2023-11-16 15:50:45,871 [ease.py] => Task acc: 97.98903107861061
2023-11-16 15:50:45,911 [trainer.py] => No NME accuracy.
2023-11-16 15:50:45,912 [trainer.py] => CNN: {'total': 87.32, '00-09': 85.59, '10-19': 86.82, '20-29': 96.91, '30-39': 87.27, '40-49': 91.59, '50-59': 84.68, '60-69': 83.02, '70-79': 88.65, '80-89': 92.48, '90-99': 88.97, '100-109': 92.17, '110-119': 79.65, '120-129': 81.31, '130-139': 83.05, 'old': 87.66, 'new': 83.05}
2023-11-16 15:50:45,912 [trainer.py] => CNN top1 curve: [100.0, 98.38, 97.97, 96.7, 96.26, 93.6, 91.39, 92.17, 91.92, 91.33, 91.02, 88.98, 88.18, 87.32]
2023-11-16 15:50:45,912 [trainer.py] => CNN top5 curve: [100.0, 100.0, 99.71, 99.78, 99.82, 99.7, 99.36, 99.35, 99.24, 99.16, 99.23, 98.8, 98.82, 98.48]

2023-11-16 15:50:45,912 [trainer.py] => Average Accuracy (CNN): 93.23 

2023-11-16 15:50:45,912 [trainer.py] => All params: 88608770
2023-11-16 15:50:45,913 [trainer.py] => Trainable params: 1189632
2023-11-16 15:50:45,930 [ease.py] => Learning on 140-150
2023-11-16 15:51:24,785 [ease.py] => Task 14, Epoch 20/20 => Loss 0.647, Train_accy 95.13
2023-11-16 15:52:27,122 [ease.py] => Task correct: 87.09677419354838
2023-11-16 15:52:27,122 [ease.py] => Task acc: 98.13242784380306
2023-11-16 15:52:27,155 [trainer.py] => No NME accuracy.
2023-11-16 15:52:27,155 [trainer.py] => CNN: {'total': 86.3, '00-09': 84.75, '10-19': 86.82, '20-29': 95.88, '30-39': 85.45, '40-49': 87.85, '50-59': 83.78, '60-69': 82.08, '70-79': 88.65, '80-89': 91.73, '90-99': 86.76, '100-109': 92.17, '110-119': 78.76, '120-129': 81.31, '130-139': 83.05, '140-149': 84.92, 'old': 86.41, 'new': 84.92}
2023-11-16 15:52:27,155 [trainer.py] => CNN top1 curve: [100.0, 98.38, 97.97, 96.7, 96.26, 93.6, 91.39, 92.17, 91.92, 91.33, 91.02, 88.98, 88.18, 87.32, 86.3]
2023-11-16 15:52:27,155 [trainer.py] => CNN top5 curve: [100.0, 100.0, 99.71, 99.78, 99.82, 99.7, 99.36, 99.35, 99.24, 99.16, 99.23, 98.8, 98.82, 98.48, 98.42]

2023-11-16 15:52:27,155 [trainer.py] => Average Accuracy (CNN): 92.768 

2023-11-16 15:52:27,156 [trainer.py] => All params: 88839170
2023-11-16 15:52:27,156 [trainer.py] => Trainable params: 1189632
2023-11-16 15:52:27,170 [ease.py] => Learning on 150-160
2023-11-16 15:53:07,044 [ease.py] => Task 15, Epoch 20/20 => Loss 0.529, Train_accy 96.15
2023-11-16 15:54:18,689 [ease.py] => Task correct: 87.51983077736648
2023-11-16 15:54:18,690 [ease.py] => Task acc: 98.20200951877314
2023-11-16 15:54:18,735 [trainer.py] => No NME accuracy.
2023-11-16 15:54:18,735 [trainer.py] => CNN: {'total': 86.78, '00-09': 83.9, '10-19': 86.82, '20-29': 95.88, '30-39': 85.45, '40-49': 87.85, '50-59': 83.78, '60-69': 82.08, '70-79': 88.65, '80-89': 90.23, '90-99': 86.76, '100-109': 91.3, '110-119': 78.76, '120-129': 81.31, '130-139': 83.05, '140-149': 84.92, '150-159': 96.77, 'old': 86.08, 'new': 96.77}
2023-11-16 15:54:18,735 [trainer.py] => CNN top1 curve: [100.0, 98.38, 97.97, 96.7, 96.26, 93.6, 91.39, 92.17, 91.92, 91.33, 91.02, 88.98, 88.18, 87.32, 86.3, 86.78]
2023-11-16 15:54:18,735 [trainer.py] => CNN top5 curve: [100.0, 100.0, 99.71, 99.78, 99.82, 99.7, 99.36, 99.35, 99.24, 99.16, 99.23, 98.8, 98.82, 98.48, 98.42, 98.41]

2023-11-16 15:54:18,735 [trainer.py] => Average Accuracy (CNN): 92.39375 

2023-11-16 15:54:18,736 [trainer.py] => All params: 89084930
2023-11-16 15:54:18,737 [trainer.py] => Trainable params: 1189632
2023-11-16 15:54:18,766 [ease.py] => Learning on 160-170
2023-11-16 15:54:58,652 [ease.py] => Task 16, Epoch 20/20 => Loss 0.534, Train_accy 94.61
2023-11-16 15:56:18,149 [ease.py] => Task correct: 86.96296296296296
2023-11-16 15:56:18,150 [ease.py] => Task acc: 98.27160493827161
2023-11-16 15:56:18,192 [trainer.py] => No NME accuracy.
2023-11-16 15:56:18,193 [trainer.py] => CNN: {'total': 86.32, '00-09': 83.9, '10-19': 86.82, '20-29': 94.85, '30-39': 85.45, '40-49': 86.92, '50-59': 83.78, '60-69': 82.08, '70-79': 87.94, '80-89': 90.23, '90-99': 84.56, '100-109': 91.3, '110-119': 76.99, '120-129': 81.31, '130-139': 83.05, '140-149': 84.13, '150-159': 96.77, '160-169': 86.57, 'old': 86.3, 'new': 86.57}
2023-11-16 15:56:18,193 [trainer.py] => CNN top1 curve: [100.0, 98.38, 97.97, 96.7, 96.26, 93.6, 91.39, 92.17, 91.92, 91.33, 91.02, 88.98, 88.18, 87.32, 86.3, 86.78, 86.32]
2023-11-16 15:56:18,193 [trainer.py] => CNN top5 curve: [100.0, 100.0, 99.71, 99.78, 99.82, 99.7, 99.36, 99.35, 99.24, 99.16, 99.23, 98.8, 98.82, 98.48, 98.42, 98.41, 98.27]

2023-11-16 15:56:18,193 [trainer.py] => Average Accuracy (CNN): 92.03647058823529 

2023-11-16 15:56:18,194 [trainer.py] => All params: 89346050
2023-11-16 15:56:18,195 [trainer.py] => Trainable params: 1189632
2023-11-16 15:56:18,227 [ease.py] => Learning on 170-180
2023-11-16 15:57:00,397 [ease.py] => Task 17, Epoch 20/20 => Loss 0.599, Train_accy 94.74
2023-11-16 15:58:29,092 [ease.py] => Task correct: 86.98308270676692
2023-11-16 15:58:29,093 [ease.py] => Task acc: 98.30827067669173
2023-11-16 15:58:29,120 [trainer.py] => No NME accuracy.
2023-11-16 15:58:29,121 [trainer.py] => CNN: {'total': 86.33, '00-09': 83.05, '10-19': 85.27, '20-29': 94.85, '30-39': 85.45, '40-49': 86.92, '50-59': 83.78, '60-69': 80.19, '70-79': 87.94, '80-89': 90.23, '90-99': 84.56, '100-109': 91.3, '110-119': 76.99, '120-129': 81.31, '130-139': 83.05, '140-149': 84.13, '150-159': 95.97, '160-169': 86.57, '170-179': 92.23, 'old': 86.02, 'new': 92.23}
2023-11-16 15:58:29,121 [trainer.py] => CNN top1 curve: [100.0, 98.38, 97.97, 96.7, 96.26, 93.6, 91.39, 92.17, 91.92, 91.33, 91.02, 88.98, 88.18, 87.32, 86.3, 86.78, 86.32, 86.33]
2023-11-16 15:58:29,121 [trainer.py] => CNN top5 curve: [100.0, 100.0, 99.71, 99.78, 99.82, 99.7, 99.36, 99.35, 99.24, 99.16, 99.23, 98.8, 98.82, 98.48, 98.42, 98.41, 98.27, 98.21]

2023-11-16 15:58:29,121 [trainer.py] => Average Accuracy (CNN): 91.71944444444443 

2023-11-16 15:58:29,121 [trainer.py] => All params: 89622530
2023-11-16 15:58:29,122 [trainer.py] => Trainable params: 1189632
2023-11-16 15:58:29,141 [ease.py] => Learning on 180-190
2023-11-16 15:59:08,290 [ease.py] => Task 18, Epoch 20/20 => Loss 0.587, Train_accy 93.85
2023-11-16 16:00:42,208 [ease.py] => Task correct: 86.68141592920354
2023-11-16 16:00:42,209 [ease.py] => Task acc: 98.1858407079646
2023-11-16 16:00:42,234 [trainer.py] => No NME accuracy.
2023-11-16 16:00:42,234 [trainer.py] => CNN: {'total': 86.02, '00-09': 83.05, '10-19': 85.27, '20-29': 93.81, '30-39': 84.55, '40-49': 86.92, '50-59': 83.78, '60-69': 80.19, '70-79': 87.94, '80-89': 90.23, '90-99': 83.82, '100-109': 91.3, '110-119': 76.99, '120-129': 80.37, '130-139': 83.05, '140-149': 83.33, '150-159': 95.97, '160-169': 86.57, '170-179': 92.23, '180-189': 84.85, 'old': 86.09, 'new': 84.85}
2023-11-16 16:00:42,234 [trainer.py] => CNN top1 curve: [100.0, 98.38, 97.97, 96.7, 96.26, 93.6, 91.39, 92.17, 91.92, 91.33, 91.02, 88.98, 88.18, 87.32, 86.3, 86.78, 86.32, 86.33, 86.02]
2023-11-16 16:00:42,234 [trainer.py] => CNN top5 curve: [100.0, 100.0, 99.71, 99.78, 99.82, 99.7, 99.36, 99.35, 99.24, 99.16, 99.23, 98.8, 98.82, 98.48, 98.42, 98.41, 98.27, 98.21, 97.88]

2023-11-16 16:00:42,235 [trainer.py] => Average Accuracy (CNN): 91.41947368421052 

2023-11-16 16:00:42,235 [trainer.py] => All params: 89914370
2023-11-16 16:00:42,236 [trainer.py] => Trainable params: 1189632
2023-11-16 16:00:42,258 [ease.py] => Learning on 190-200
2023-11-16 16:01:24,885 [ease.py] => Task 19, Epoch 20/20 => Loss 0.490, Train_accy 93.36
2023-11-16 16:03:11,023 [ease.py] => Task correct: 86.3019508057676
2023-11-16 16:03:11,023 [ease.py] => Task acc: 98.26123833757421
2023-11-16 16:03:11,046 [trainer.py] => No NME accuracy.
2023-11-16 16:03:11,046 [trainer.py] => CNN: {'total': 85.67, '00-09': 83.05, '10-19': 86.05, '20-29': 93.81, '30-39': 84.55, '40-49': 86.92, '50-59': 83.78, '60-69': 76.42, '70-79': 87.23, '80-89': 90.23, '90-99': 83.82, '100-109': 91.3, '110-119': 76.99, '120-129': 80.37, '130-139': 83.05, '140-149': 83.33, '150-159': 95.97, '160-169': 84.33, '170-179': 91.26, '180-189': 84.09, '190-199': 86.73, 'old': 85.62, 'new': 86.73}
2023-11-16 16:03:11,046 [trainer.py] => CNN top1 curve: [100.0, 98.38, 97.97, 96.7, 96.26, 93.6, 91.39, 92.17, 91.92, 91.33, 91.02, 88.98, 88.18, 87.32, 86.3, 86.78, 86.32, 86.33, 86.02, 85.67]
2023-11-16 16:03:11,046 [trainer.py] => CNN top5 curve: [100.0, 100.0, 99.71, 99.78, 99.82, 99.7, 99.36, 99.35, 99.24, 99.16, 99.23, 98.8, 98.82, 98.48, 98.42, 98.41, 98.27, 98.21, 97.88, 97.88]

2023-11-16 16:03:11,047 [trainer.py] => Average Accuracy (CNN): 91.13199999999999 

