2023-11-16 17:03:56,348 [trainer.py] => config: ./exps/ease_vtab.json
2023-11-16 17:03:56,349 [trainer.py] => prefix:  
2023-11-16 17:03:56,349 [trainer.py] => dataset: vtab
2023-11-16 17:03:56,349 [trainer.py] => memory_size: 0
2023-11-16 17:03:56,349 [trainer.py] => memory_per_class: 0
2023-11-16 17:03:56,349 [trainer.py] => fixed_memory: False
2023-11-16 17:03:56,349 [trainer.py] => shuffle: False
2023-11-16 17:03:56,349 [trainer.py] => init_cls: 10
2023-11-16 17:03:56,349 [trainer.py] => increment: 10
2023-11-16 17:03:56,349 [trainer.py] => model_name: ease
2023-11-16 17:03:56,349 [trainer.py] => backbone_type: vit_base_patch16_224_ease
2023-11-16 17:03:56,349 [trainer.py] => device: [device(type='cuda', index=3)]
2023-11-16 17:03:56,349 [trainer.py] => seed: 1993
2023-11-16 17:03:56,349 [trainer.py] => init_epochs: 45
2023-11-16 17:03:56,349 [trainer.py] => init_lr: 0.03
2023-11-16 17:03:56,349 [trainer.py] => later_epochs: 45
2023-11-16 17:03:56,349 [trainer.py] => later_lr: 0.03
2023-11-16 17:03:56,349 [trainer.py] => batch_size: 16
2023-11-16 17:03:56,349 [trainer.py] => weight_decay: 0.005
2023-11-16 17:03:56,349 [trainer.py] => min_lr: 0
2023-11-16 17:03:56,349 [trainer.py] => optimizer: sgd
2023-11-16 17:03:56,349 [trainer.py] => scheduler: cosine
2023-11-16 17:03:56,349 [trainer.py] => pretrained: True
2023-11-16 17:03:56,349 [trainer.py] => vpt_type: Deep
2023-11-16 17:03:56,349 [trainer.py] => prompt_token_num: 5
2023-11-16 17:03:56,349 [trainer.py] => ffn_num: 16
2023-11-16 17:03:56,349 [trainer.py] => solve_method: sim
2023-11-16 17:03:56,349 [trainer.py] => use_diagonal: False
2023-11-16 17:03:56,349 [trainer.py] => recalc_sim: True
2023-11-16 17:03:56,349 [trainer.py] => alpha: 0.1
2023-11-16 17:03:56,349 [trainer.py] => use_init_ptm: False
2023-11-16 17:03:56,349 [trainer.py] => beta: 0
2023-11-16 17:03:56,349 [trainer.py] => use_old_data: False
2023-11-16 17:03:56,349 [trainer.py] => use_reweight: True
2023-11-16 17:03:56,349 [trainer.py] => moni_adam: False
2023-11-16 17:03:56,349 [trainer.py] => adapter_num: -1
2023-11-16 17:03:56,371 [data_manager.py] => [0, 1, 2, 3, 4, 5, 6, 7, 8, 9, 10, 11, 12, 13, 14, 15, 16, 17, 18, 19, 20, 21, 22, 23, 24, 25, 26, 27, 28, 29, 30, 31, 32, 33, 34, 35, 36, 37, 38, 39, 40, 41, 42, 43, 44, 45, 46, 47, 48, 49]
2023-11-16 17:03:59,532 [trainer.py] => All params: 86102976
2023-11-16 17:03:59,532 [trainer.py] => Trainable params: 304320
2023-11-16 17:03:59,533 [ease.py] => Learning on 0-10
2023-11-16 17:04:46,276 [ease.py] => Task 0, Epoch 45/45 => Loss 0.285, Train_accy 97.29
2023-11-16 17:04:49,077 [ease.py] => Task correct: 100.0
2023-11-16 17:04:49,077 [ease.py] => Task acc: 95.5
2023-11-16 17:04:49,093 [trainer.py] => No NME accuracy.
2023-11-16 17:04:49,093 [trainer.py] => CNN: {'total': 95.5, '00-09': 95.5, 'old': 0, 'new': 95.5}
2023-11-16 17:04:49,093 [trainer.py] => CNN top1 curve: [95.5]
2023-11-16 17:04:49,093 [trainer.py] => CNN top5 curve: [99.9]

2023-11-16 17:04:49,093 [trainer.py] => Average Accuracy (CNN): 95.5 

2023-11-16 17:04:49,093 [trainer.py] => All params: 86118338
2023-11-16 17:04:49,094 [trainer.py] => Trainable params: 304320
2023-11-16 17:04:49,095 [ease.py] => Learning on 10-20
2023-11-16 17:05:37,343 [ease.py] => Task 1, Epoch 45/45 => Loss 0.196, Train_accy 99.08
2023-11-16 17:05:43,573 [ease.py] => Task correct: 98.57142857142857
2023-11-16 17:05:43,574 [ease.py] => Task acc: 92.71428571428571
2023-11-16 17:05:43,588 [trainer.py] => No NME accuracy.
2023-11-16 17:05:43,588 [trainer.py] => CNN: {'total': 92.07, '00-09': 95.2, '10-19': 84.25, 'old': 95.2, 'new': 84.25}
2023-11-16 17:05:43,588 [trainer.py] => CNN top1 curve: [95.5, 92.07]
2023-11-16 17:05:43,589 [trainer.py] => CNN top5 curve: [99.9, 99.0]

2023-11-16 17:05:43,589 [trainer.py] => Average Accuracy (CNN): 93.785 

2023-11-16 17:05:43,589 [trainer.py] => All params: 86141378
2023-11-16 17:05:43,590 [trainer.py] => Trainable params: 304320
2023-11-16 17:05:43,591 [ease.py] => Learning on 20-30
2023-11-16 17:06:36,658 [ease.py] => Task 2, Epoch 45/45 => Loss 0.199, Train_accy 96.64
2023-11-16 17:06:49,769 [ease.py] => Task correct: 99.11949685534591
2023-11-16 17:06:49,770 [ease.py] => Task acc: 93.62683438155136
2023-11-16 17:06:49,786 [trainer.py] => No NME accuracy.
2023-11-16 17:06:49,786 [trainer.py] => CNN: {'total': 93.21, '00-09': 95.1, '10-19': 84.5, '20-29': 94.82, 'old': 92.07, 'new': 94.82}
2023-11-16 17:06:49,786 [trainer.py] => CNN top1 curve: [95.5, 92.07, 93.21]
2023-11-16 17:06:49,786 [trainer.py] => CNN top5 curve: [99.9, 99.0, 99.37]

2023-11-16 17:06:49,786 [trainer.py] => Average Accuracy (CNN): 93.59333333333332 

2023-11-16 17:06:49,787 [trainer.py] => All params: 86179778
2023-11-16 17:06:49,787 [trainer.py] => Trainable params: 304320
2023-11-16 17:06:49,789 [ease.py] => Learning on 30-40
2023-11-16 17:09:17,119 [ease.py] => Task 3, Epoch 45/45 => Loss 0.286, Train_accy 92.30
2023-11-16 17:10:07,586 [ease.py] => Task correct: 99.07514450867052
2023-11-16 17:10:07,586 [ease.py] => Task acc: 93.16634553628774
2023-11-16 17:10:07,602 [trainer.py] => No NME accuracy.
2023-11-16 17:10:07,602 [trainer.py] => CNN: {'total': 92.63, '00-09': 93.4, '10-19': 84.25, '20-29': 94.82, '30-39': 92.7, 'old': 92.45, 'new': 92.7}
2023-11-16 17:10:07,602 [trainer.py] => CNN top1 curve: [95.5, 92.07, 93.21, 92.63]
2023-11-16 17:10:07,602 [trainer.py] => CNN top5 curve: [99.9, 99.0, 99.37, 99.4]

2023-11-16 17:10:07,602 [trainer.py] => Average Accuracy (CNN): 93.35249999999999 

2023-11-16 17:10:07,602 [trainer.py] => All params: 86233538
2023-11-16 17:10:07,603 [trainer.py] => Trainable params: 304320
2023-11-16 17:10:07,605 [ease.py] => Learning on 40-50
2023-11-16 17:10:40,410 [ease.py] => Task 4, Epoch 45/45 => Loss 0.092, Train_accy 100.00
2023-11-16 17:11:41,920 [ease.py] => Task correct: 99.17623854275438
2023-11-16 17:11:41,921 [ease.py] => Task acc: 93.85079475577213
2023-11-16 17:11:41,940 [trainer.py] => No NME accuracy.
2023-11-16 17:11:41,940 [trainer.py] => CNN: {'total': 93.36, '00-09': 93.4, '10-19': 84.25, '20-29': 94.82, '30-39': 92.74, '40-49': 100.0, 'old': 92.65, 'new': 100.0}
2023-11-16 17:11:41,940 [trainer.py] => CNN top1 curve: [95.5, 92.07, 93.21, 92.63, 93.36]
2023-11-16 17:11:41,940 [trainer.py] => CNN top5 curve: [99.9, 99.0, 99.37, 99.4, 99.44]

2023-11-16 17:11:41,940 [trainer.py] => Average Accuracy (CNN): 93.354 

