2023-11-16 14:18:42,427 [trainer.py] => config: ./exps/ease_obj.json
2023-11-16 14:18:42,428 [trainer.py] => prefix:  
2023-11-16 14:18:42,428 [trainer.py] => dataset: objectnet
2023-11-16 14:18:42,428 [trainer.py] => memory_size: 0
2023-11-16 14:18:42,428 [trainer.py] => memory_per_class: 0
2023-11-16 14:18:42,428 [trainer.py] => fixed_memory: False
2023-11-16 14:18:42,428 [trainer.py] => shuffle: True
2023-11-16 14:18:42,428 [trainer.py] => init_cls: 10
2023-11-16 14:18:42,428 [trainer.py] => increment: 10
2023-11-16 14:18:42,428 [trainer.py] => model_name: ease
2023-11-16 14:18:42,428 [trainer.py] => backbone_type: vit_base_patch16_224_ease
2023-11-16 14:18:42,428 [trainer.py] => device: [device(type='cuda', index=1)]
2023-11-16 14:18:42,428 [trainer.py] => seed: 1993
2023-11-16 14:18:42,428 [trainer.py] => init_epochs: 20
2023-11-16 14:18:42,428 [trainer.py] => init_lr: 0.03
2023-11-16 14:18:42,428 [trainer.py] => later_epochs: 20
2023-11-16 14:18:42,428 [trainer.py] => later_lr: 0.03
2023-11-16 14:18:42,428 [trainer.py] => batch_size: 48
2023-11-16 14:18:42,428 [trainer.py] => weight_decay: 0.005
2023-11-16 14:18:42,428 [trainer.py] => min_lr: 0
2023-11-16 14:18:42,428 [trainer.py] => optimizer: adam
2023-11-16 14:18:42,428 [trainer.py] => scheduler: cosine
2023-11-16 14:18:42,428 [trainer.py] => pretrained: True
2023-11-16 14:18:42,428 [trainer.py] => vpt_type: Deep
2023-11-16 14:18:42,428 [trainer.py] => prompt_token_num: 5
2023-11-16 14:18:42,428 [trainer.py] => ffn_num: 64
2023-11-16 14:18:42,428 [trainer.py] => solve_method: sim
2023-11-16 14:18:42,428 [trainer.py] => use_diagonal: False
2023-11-16 14:18:42,428 [trainer.py] => recalc_sim: True
2023-11-16 14:18:42,428 [trainer.py] => alpha: 0.1
2023-11-16 14:18:42,428 [trainer.py] => use_init_ptm: False
2023-11-16 14:18:42,428 [trainer.py] => beta: 0
2023-11-16 14:18:42,428 [trainer.py] => use_old_data: False
2023-11-16 14:18:42,428 [trainer.py] => use_reweight: True
2023-11-16 14:18:42,428 [trainer.py] => moni_adam: False
2023-11-16 14:18:42,428 [trainer.py] => adapter_num: -1
2023-11-16 14:18:42,501 [data_manager.py] => [168, 136, 51, 9, 183, 101, 171, 99, 42, 159, 191, 70, 16, 188, 27, 10, 175, 26, 68, 187, 98, 6, 85, 35, 112, 43, 100, 0, 103, 181, 88, 59, 4, 2, 116, 174, 94, 80, 106, 1, 147, 17, 141, 131, 72, 23, 173, 54, 197, 118, 87, 32, 79, 104, 91, 19, 135, 107, 178, 36, 11, 199, 142, 8, 122, 3, 28, 57, 153, 172, 190, 56, 49, 44, 97, 62, 151, 169, 194, 55, 192, 12, 189, 78, 66, 180, 15, 137, 109, 134, 92, 119, 126, 52, 170, 40, 148, 65, 144, 64, 138, 45, 77, 89, 154, 90, 71, 193, 74, 30, 113, 143, 96, 84, 67, 50, 186, 156, 69, 21, 18, 111, 108, 58, 125, 157, 150, 110, 182, 129, 166, 83, 81, 60, 13, 165, 14, 176, 63, 117, 5, 22, 145, 121, 38, 41, 82, 127, 114, 20, 31, 53, 37, 163, 196, 130, 152, 162, 86, 76, 24, 34, 184, 149, 33, 128, 198, 155, 146, 167, 139, 120, 140, 102, 47, 25, 158, 123, 46, 164, 61, 7, 115, 75, 133, 160, 105, 132, 179, 124, 48, 73, 93, 39, 95, 195, 29, 177, 185, 161]
2023-11-16 14:18:46,379 [trainer.py] => All params: 86988288
2023-11-16 14:18:46,380 [trainer.py] => Trainable params: 1189632
2023-11-16 14:18:46,382 [ease.py] => Learning on 0-10
2023-11-16 14:26:59,997 [ease.py] => Task 0, Epoch 20/20 => Loss 0.619, Train_accy 79.79
2023-11-16 14:27:39,360 [ease.py] => Task correct: 100.0
2023-11-16 14:27:39,360 [ease.py] => Task acc: 92.45283018867924
2023-11-16 14:27:39,394 [trainer.py] => No NME accuracy.
2023-11-16 14:27:39,394 [trainer.py] => CNN: {'total': 92.45, '00-09': 92.45, 'old': 0, 'new': 92.45}
2023-11-16 14:27:39,394 [trainer.py] => CNN top1 curve: [92.45]
2023-11-16 14:27:39,394 [trainer.py] => CNN top5 curve: [98.82]

2023-11-16 14:27:39,394 [trainer.py] => Average Accuracy (CNN): 92.45 

2023-11-16 14:27:39,395 [trainer.py] => All params: 87003650
2023-11-16 14:27:39,396 [trainer.py] => Trainable params: 1189632
2023-11-16 14:27:39,397 [ease.py] => Learning on 10-20
2023-11-16 14:35:55,587 [ease.py] => Task 1, Epoch 20/20 => Loss 0.633, Train_accy 80.96
2023-11-16 14:37:05,691 [ease.py] => Task correct: 91.26760563380282
2023-11-16 14:37:05,691 [ease.py] => Task acc: 92.8169014084507
2023-11-16 14:37:05,717 [trainer.py] => No NME accuracy.
2023-11-16 14:37:05,717 [trainer.py] => CNN: {'total': 86.48, '00-09': 86.56, '10-19': 86.36, 'old': 86.56, 'new': 86.36}
2023-11-16 14:37:05,717 [trainer.py] => CNN top1 curve: [92.45, 86.48]
2023-11-16 14:37:05,717 [trainer.py] => CNN top5 curve: [98.82, 97.75]

2023-11-16 14:37:05,717 [trainer.py] => Average Accuracy (CNN): 89.465 

2023-11-16 14:37:05,718 [trainer.py] => All params: 87026690
2023-11-16 14:37:05,718 [trainer.py] => Trainable params: 1189632
2023-11-16 14:37:05,719 [ease.py] => Learning on 20-30
2023-11-16 14:45:15,896 [ease.py] => Task 2, Epoch 20/20 => Loss 0.740, Train_accy 77.56
2023-11-16 14:46:59,819 [ease.py] => Task correct: 85.94961240310077
2023-11-16 14:46:59,820 [ease.py] => Task acc: 91.66666666666667
2023-11-16 14:46:59,851 [trainer.py] => No NME accuracy.
2023-11-16 14:46:59,851 [trainer.py] => CNN: {'total': 81.88, '00-09': 81.6, '10-19': 83.57, '20-29': 80.75, 'old': 82.39, 'new': 80.75}
2023-11-16 14:46:59,851 [trainer.py] => CNN top1 curve: [92.45, 86.48, 81.88]
2023-11-16 14:46:59,851 [trainer.py] => CNN top5 curve: [98.82, 97.75, 96.32]

2023-11-16 14:46:59,851 [trainer.py] => Average Accuracy (CNN): 86.93666666666667 

2023-11-16 14:46:59,852 [trainer.py] => All params: 87065090
2023-11-16 14:46:59,853 [trainer.py] => Trainable params: 1189632
2023-11-16 14:46:59,855 [ease.py] => Learning on 30-40
2023-11-16 14:55:18,912 [ease.py] => Task 3, Epoch 20/20 => Loss 0.619, Train_accy 81.88
2023-11-16 14:57:40,587 [ease.py] => Task correct: 83.54336545589325
2023-11-16 14:57:40,587 [ease.py] => Task acc: 91.99406968124536
2023-11-16 14:57:40,615 [trainer.py] => No NME accuracy.
2023-11-16 14:57:40,615 [trainer.py] => CNN: {'total': 80.28, '00-09': 79.01, '10-19': 81.82, '20-29': 76.4, '30-39': 84.54, 'old': 78.97, 'new': 84.54}
2023-11-16 14:57:40,615 [trainer.py] => CNN top1 curve: [92.45, 86.48, 81.88, 80.28]
2023-11-16 14:57:40,615 [trainer.py] => CNN top5 curve: [98.82, 97.75, 96.32, 95.92]

2023-11-16 14:57:40,615 [trainer.py] => Average Accuracy (CNN): 85.27250000000001 

2023-11-16 14:57:40,616 [trainer.py] => All params: 87118850
2023-11-16 14:57:40,616 [trainer.py] => Trainable params: 1189632
2023-11-16 14:57:40,618 [ease.py] => Learning on 40-50
2023-11-16 15:05:21,886 [ease.py] => Task 4, Epoch 20/20 => Loss 0.643, Train_accy 80.83
2023-11-16 15:08:00,014 [ease.py] => Task correct: 79.29594272076372
2023-11-16 15:08:00,015 [ease.py] => Task acc: 92.48210023866348
2023-11-16 15:08:00,042 [trainer.py] => No NME accuracy.
2023-11-16 15:08:00,042 [trainer.py] => CNN: {'total': 76.91, '00-09': 74.53, '10-19': 78.32, '20-29': 70.5, '30-39': 77.92, '40-49': 84.1, 'old': 75.17, 'new': 84.1}
2023-11-16 15:08:00,042 [trainer.py] => CNN top1 curve: [92.45, 86.48, 81.88, 80.28, 76.91]
2023-11-16 15:08:00,042 [trainer.py] => CNN top5 curve: [98.82, 97.75, 96.32, 95.92, 94.81]

2023-11-16 15:08:00,042 [trainer.py] => Average Accuracy (CNN): 83.6 

2023-11-16 15:08:00,043 [trainer.py] => All params: 87187970
2023-11-16 15:08:00,043 [trainer.py] => Trainable params: 1189632
2023-11-16 15:08:00,047 [ease.py] => Learning on 50-60
2023-11-16 15:18:20,350 [ease.py] => Task 5, Epoch 20/20 => Loss 0.704, Train_accy 77.73
2023-11-16 15:21:50,943 [ease.py] => Task correct: 77.14429868819374
2023-11-16 15:21:50,944 [ease.py] => Task acc: 92.17961654894046
2023-11-16 15:21:50,975 [trainer.py] => No NME accuracy.
2023-11-16 15:21:50,975 [trainer.py] => CNN: {'total': 74.67, '00-09': 70.99, '10-19': 74.48, '20-29': 68.63, '30-39': 77.6, '40-49': 81.65, '50-59': 75.82, 'old': 74.46, 'new': 75.82}
2023-11-16 15:21:50,975 [trainer.py] => CNN top1 curve: [92.45, 86.48, 81.88, 80.28, 76.91, 74.67]
2023-11-16 15:21:50,975 [trainer.py] => CNN top5 curve: [98.82, 97.75, 96.32, 95.92, 94.81, 93.9]

2023-11-16 15:21:50,975 [trainer.py] => Average Accuracy (CNN): 82.11166666666666 

2023-11-16 15:21:50,976 [trainer.py] => All params: 87272450
2023-11-16 15:21:50,977 [trainer.py] => Trainable params: 1189632
2023-11-16 15:21:50,981 [ease.py] => Learning on 60-70
2023-11-16 15:30:39,968 [ease.py] => Task 6, Epoch 20/20 => Loss 0.694, Train_accy 78.40
2023-11-16 15:34:52,214 [ease.py] => Task correct: 74.55242966751918
2023-11-16 15:34:52,214 [ease.py] => Task acc: 92.15686274509804
2023-11-16 15:34:52,243 [trainer.py] => No NME accuracy.
2023-11-16 15:34:52,243 [trainer.py] => CNN: {'total': 72.63, '00-09': 70.75, '10-19': 70.63, '20-29': 66.77, '30-39': 76.66, '40-49': 80.73, '50-59': 73.2, '60-69': 70.33, 'old': 73.06, 'new': 70.33}
2023-11-16 15:34:52,243 [trainer.py] => CNN top1 curve: [92.45, 86.48, 81.88, 80.28, 76.91, 74.67, 72.63]
2023-11-16 15:34:52,243 [trainer.py] => CNN top5 curve: [98.82, 97.75, 96.32, 95.92, 94.81, 93.9, 92.84]

2023-11-16 15:34:52,243 [trainer.py] => Average Accuracy (CNN): 80.75714285714285 

2023-11-16 15:34:52,244 [trainer.py] => All params: 87372290
2023-11-16 15:34:52,245 [trainer.py] => Trainable params: 1189632
2023-11-16 15:34:52,250 [ease.py] => Learning on 70-80
2023-11-16 15:45:02,286 [ease.py] => Task 7, Epoch 20/20 => Loss 0.687, Train_accy 80.46
2023-11-16 15:50:20,438 [ease.py] => Task correct: 71.90885319387374
2023-11-16 15:50:20,439 [ease.py] => Task acc: 91.89391109450878
2023-11-16 15:50:20,473 [trainer.py] => No NME accuracy.
2023-11-16 15:50:20,473 [trainer.py] => CNN: {'total': 70.19, '00-09': 70.05, '10-19': 68.88, '20-29': 64.29, '30-39': 75.39, '40-49': 80.43, '50-59': 70.26, '60-69': 65.38, '70-79': 67.37, 'old': 70.59, 'new': 67.37}
2023-11-16 15:50:20,473 [trainer.py] => CNN top1 curve: [92.45, 86.48, 81.88, 80.28, 76.91, 74.67, 72.63, 70.19]
2023-11-16 15:50:20,473 [trainer.py] => CNN top5 curve: [98.82, 97.75, 96.32, 95.92, 94.81, 93.9, 92.84, 91.41]

2023-11-16 15:50:20,473 [trainer.py] => Average Accuracy (CNN): 79.43625 

2023-11-16 15:50:20,474 [trainer.py] => All params: 87487490
2023-11-16 15:50:20,475 [trainer.py] => Trainable params: 1189632
2023-11-16 15:50:20,481 [ease.py] => Learning on 80-90
2023-11-16 15:58:13,227 [ease.py] => Task 8, Epoch 20/20 => Loss 0.680, Train_accy 79.13
2023-11-16 16:03:15,075 [ease.py] => Task correct: 70.12278308321964
2023-11-16 16:03:15,075 [ease.py] => Task acc: 91.37107776261938
2023-11-16 16:03:15,100 [trainer.py] => No NME accuracy.
2023-11-16 16:03:15,100 [trainer.py] => CNN: {'total': 68.01, '00-09': 68.4, '10-19': 67.48, '20-29': 62.11, '30-39': 74.45, '40-49': 78.59, '50-59': 69.61, '60-69': 64.56, '70-79': 64.95, '80-89': 60.78, 'old': 68.7, 'new': 60.78}
2023-11-16 16:03:15,100 [trainer.py] => CNN top1 curve: [92.45, 86.48, 81.88, 80.28, 76.91, 74.67, 72.63, 70.19, 68.01]
2023-11-16 16:03:15,100 [trainer.py] => CNN top5 curve: [98.82, 97.75, 96.32, 95.92, 94.81, 93.9, 92.84, 91.41, 90.52]

2023-11-16 16:03:15,100 [trainer.py] => Average Accuracy (CNN): 78.16666666666667 

2023-11-16 16:03:15,101 [trainer.py] => All params: 87618050
2023-11-16 16:03:15,101 [trainer.py] => Trainable params: 1189632
2023-11-16 16:03:15,108 [ease.py] => Learning on 90-100
2023-11-16 16:12:19,020 [ease.py] => Task 9, Epoch 20/20 => Loss 0.698, Train_accy 77.35
2023-11-16 16:18:40,993 [ease.py] => Task correct: 70.7645259938838
2023-11-16 16:18:40,993 [ease.py] => Task acc: 91.16207951070336
2023-11-16 16:18:41,028 [trainer.py] => No NME accuracy.
2023-11-16 16:18:41,028 [trainer.py] => CNN: {'total': 68.47, '00-09': 67.92, '10-19': 67.83, '20-29': 62.11, '30-39': 74.13, '40-49': 77.37, '50-59': 68.3, '60-69': 64.56, '70-79': 64.95, '80-89': 60.39, '90-99': 75.74, 'old': 67.63, 'new': 75.74}
2023-11-16 16:18:41,028 [trainer.py] => CNN top1 curve: [92.45, 86.48, 81.88, 80.28, 76.91, 74.67, 72.63, 70.19, 68.01, 68.47]
2023-11-16 16:18:41,028 [trainer.py] => CNN top5 curve: [98.82, 97.75, 96.32, 95.92, 94.81, 93.9, 92.84, 91.41, 90.52, 90.43]

2023-11-16 16:18:41,028 [trainer.py] => Average Accuracy (CNN): 77.197 

2023-11-16 16:18:41,030 [trainer.py] => All params: 87763970
2023-11-16 16:18:41,030 [trainer.py] => Trainable params: 1189632
2023-11-16 16:18:41,044 [ease.py] => Learning on 100-110
2023-11-16 16:26:09,513 [ease.py] => Task 10, Epoch 20/20 => Loss 0.702, Train_accy 78.50
2023-11-16 16:31:26,884 [ease.py] => Task correct: 68.55944055944056
2023-11-16 16:31:26,885 [ease.py] => Task acc: 91.13286713286713
2023-11-16 16:31:26,906 [trainer.py] => No NME accuracy.
2023-11-16 16:31:26,906 [trainer.py] => CNN: {'total': 66.63, '00-09': 65.57, '10-19': 67.13, '20-29': 61.49, '30-39': 70.03, '40-49': 74.62, '50-59': 65.69, '60-69': 64.29, '70-79': 63.14, '80-89': 58.04, '90-99': 73.96, '100-109': 67.54, 'old': 66.54, 'new': 67.54}
2023-11-16 16:31:26,906 [trainer.py] => CNN top1 curve: [92.45, 86.48, 81.88, 80.28, 76.91, 74.67, 72.63, 70.19, 68.01, 68.47, 66.63]
2023-11-16 16:31:26,906 [trainer.py] => CNN top5 curve: [98.82, 97.75, 96.32, 95.92, 94.81, 93.9, 92.84, 91.41, 90.52, 90.43, 89.09]

2023-11-16 16:31:26,906 [trainer.py] => Average Accuracy (CNN): 76.23636363636363 

2023-11-16 16:31:26,907 [trainer.py] => All params: 87925250
2023-11-16 16:31:26,907 [trainer.py] => Trainable params: 1189632
2023-11-16 16:31:26,915 [ease.py] => Learning on 110-120
2023-11-16 16:41:04,810 [ease.py] => Task 11, Epoch 20/20 => Loss 0.674, Train_accy 81.17
2023-11-16 16:49:11,574 [ease.py] => Task correct: 66.99594731509625
2023-11-16 16:49:11,575 [ease.py] => Task acc: 91.26139817629179
2023-11-16 16:49:11,622 [trainer.py] => No NME accuracy.
2023-11-16 16:49:11,623 [trainer.py] => CNN: {'total': 65.17, '00-09': 64.62, '10-19': 66.43, '20-29': 61.49, '30-39': 70.03, '40-49': 74.31, '50-59': 63.73, '60-69': 62.64, '70-79': 61.93, '80-89': 57.25, '90-99': 72.49, '100-109': 65.9, '110-119': 60.59, 'old': 65.65, 'new': 60.59}
2023-11-16 16:49:11,623 [trainer.py] => CNN top1 curve: [92.45, 86.48, 81.88, 80.28, 76.91, 74.67, 72.63, 70.19, 68.01, 68.47, 66.63, 65.17]
2023-11-16 16:49:11,623 [trainer.py] => CNN top5 curve: [98.82, 97.75, 96.32, 95.92, 94.81, 93.9, 92.84, 91.41, 90.52, 90.43, 89.09, 88.48]

2023-11-16 16:49:11,623 [trainer.py] => Average Accuracy (CNN): 75.31416666666667 

2023-11-16 16:49:11,623 [trainer.py] => All params: 88101890
2023-11-16 16:49:11,624 [trainer.py] => Trainable params: 1189632
2023-11-16 16:49:11,634 [ease.py] => Learning on 120-130
2023-11-16 16:58:08,676 [ease.py] => Task 12, Epoch 20/20 => Loss 0.699, Train_accy 78.48
2023-11-16 17:06:05,201 [ease.py] => Task correct: 65.68764568764568
2023-11-16 17:06:05,202 [ease.py] => Task acc: 91.23543123543124
2023-11-16 17:06:05,230 [trainer.py] => No NME accuracy.
2023-11-16 17:06:05,231 [trainer.py] => CNN: {'total': 63.96, '00-09': 62.74, '10-19': 64.34, '20-29': 61.18, '30-39': 67.51, '40-49': 73.09, '50-59': 62.75, '60-69': 62.36, '70-79': 59.82, '80-89': 57.65, '90-99': 71.01, '100-109': 65.9, '110-119': 60.32, '120-129': 62.57, 'old': 64.08, 'new': 62.57}
2023-11-16 17:06:05,231 [trainer.py] => CNN top1 curve: [92.45, 86.48, 81.88, 80.28, 76.91, 74.67, 72.63, 70.19, 68.01, 68.47, 66.63, 65.17, 63.96]
2023-11-16 17:06:05,231 [trainer.py] => CNN top5 curve: [98.82, 97.75, 96.32, 95.92, 94.81, 93.9, 92.84, 91.41, 90.52, 90.43, 89.09, 88.48, 87.65]

2023-11-16 17:06:05,231 [trainer.py] => Average Accuracy (CNN): 74.44076923076923 

2023-11-16 17:06:05,232 [trainer.py] => All params: 88293890
2023-11-16 17:06:05,232 [trainer.py] => Trainable params: 1189632
2023-11-16 17:06:05,244 [ease.py] => Learning on 130-140
2023-11-16 17:14:12,964 [ease.py] => Task 13, Epoch 20/20 => Loss 0.705, Train_accy 79.39
2023-11-16 17:21:43,218 [ease.py] => Task correct: 64.36158681985692
2023-11-16 17:21:43,218 [ease.py] => Task acc: 91.37220897463689
2023-11-16 17:21:43,243 [trainer.py] => No NME accuracy.
2023-11-16 17:21:43,243 [trainer.py] => CNN: {'total': 62.76, '00-09': 61.32, '10-19': 61.19, '20-29': 60.25, '30-39': 66.88, '40-49': 72.17, '50-59': 61.76, '60-69': 61.54, '70-79': 58.91, '80-89': 53.73, '90-99': 70.41, '100-109': 63.93, '110-119': 54.69, '120-129': 60.23, '130-139': 71.21, 'old': 62.12, 'new': 71.21}
2023-11-16 17:21:43,243 [trainer.py] => CNN top1 curve: [92.45, 86.48, 81.88, 80.28, 76.91, 74.67, 72.63, 70.19, 68.01, 68.47, 66.63, 65.17, 63.96, 62.76]
2023-11-16 17:21:43,243 [trainer.py] => CNN top5 curve: [98.82, 97.75, 96.32, 95.92, 94.81, 93.9, 92.84, 91.41, 90.52, 90.43, 89.09, 88.48, 87.65, 87.28]

2023-11-16 17:21:43,243 [trainer.py] => Average Accuracy (CNN): 73.60642857142857 

2023-11-16 17:21:43,244 [trainer.py] => All params: 88501250
2023-11-16 17:21:43,245 [trainer.py] => Trainable params: 1189632
2023-11-16 17:21:43,257 [ease.py] => Learning on 140-150
2023-11-16 17:29:36,394 [ease.py] => Task 14, Epoch 20/20 => Loss 0.670, Train_accy 80.61
2023-11-16 17:37:56,205 [ease.py] => Task correct: 62.67549137585239
2023-11-16 17:37:56,206 [ease.py] => Task acc: 91.2354592860008
2023-11-16 17:37:56,231 [trainer.py] => No NME accuracy.
2023-11-16 17:37:56,231 [trainer.py] => CNN: {'total': 61.21, '00-09': 60.14, '10-19': 59.44, '20-29': 59.32, '30-39': 66.56, '40-49': 71.56, '50-59': 60.78, '60-69': 59.89, '70-79': 54.98, '80-89': 53.33, '90-99': 68.93, '100-109': 63.93, '110-119': 54.42, '120-129': 58.48, '130-139': 70.28, '140-149': 56.57, 'old': 61.59, 'new': 56.57}
2023-11-16 17:37:56,231 [trainer.py] => CNN top1 curve: [92.45, 86.48, 81.88, 80.28, 76.91, 74.67, 72.63, 70.19, 68.01, 68.47, 66.63, 65.17, 63.96, 62.76, 61.21]
2023-11-16 17:37:56,231 [trainer.py] => CNN top5 curve: [98.82, 97.75, 96.32, 95.92, 94.81, 93.9, 92.84, 91.41, 90.52, 90.43, 89.09, 88.48, 87.65, 87.28, 86.4]

2023-11-16 17:37:56,231 [trainer.py] => Average Accuracy (CNN): 72.78 

2023-11-16 17:37:56,232 [trainer.py] => All params: 88723970
2023-11-16 17:37:56,233 [trainer.py] => Trainable params: 1189632
2023-11-16 17:37:56,246 [ease.py] => Learning on 150-160
2023-11-16 17:45:48,328 [ease.py] => Task 15, Epoch 20/20 => Loss 0.701, Train_accy 78.76
2023-11-16 17:54:52,455 [ease.py] => Task correct: 61.55572176514585
2023-11-16 17:54:52,456 [ease.py] => Task acc: 91.2677636499626
2023-11-16 17:54:52,491 [trainer.py] => No NME accuracy.
2023-11-16 17:54:52,491 [trainer.py] => CNN: {'total': 60.25, '00-09': 59.2, '10-19': 58.04, '20-29': 59.01, '30-39': 65.93, '40-49': 70.95, '50-59': 53.92, '60-69': 59.07, '70-79': 53.47, '80-89': 53.33, '90-99': 68.93, '100-109': 63.28, '110-119': 52.28, '120-129': 57.02, '130-139': 70.28, '140-149': 56.57, '150-159': 62.71, 'old': 60.07, 'new': 62.71}
2023-11-16 17:54:52,491 [trainer.py] => CNN top1 curve: [92.45, 86.48, 81.88, 80.28, 76.91, 74.67, 72.63, 70.19, 68.01, 68.47, 66.63, 65.17, 63.96, 62.76, 61.21, 60.25]
2023-11-16 17:54:52,491 [trainer.py] => CNN top5 curve: [98.82, 97.75, 96.32, 95.92, 94.81, 93.9, 92.84, 91.41, 90.52, 90.43, 89.09, 88.48, 87.65, 87.28, 86.4, 85.77]

2023-11-16 17:54:52,491 [trainer.py] => Average Accuracy (CNN): 71.996875 

2023-11-16 17:54:52,492 [trainer.py] => All params: 88962050
2023-11-16 17:54:52,492 [trainer.py] => Trainable params: 1189632
2023-11-16 17:54:52,509 [ease.py] => Learning on 160-170
2023-11-16 18:02:41,477 [ease.py] => Task 16, Epoch 20/20 => Loss 0.759, Train_accy 76.70
2023-11-16 18:12:00,180 [ease.py] => Task correct: 60.61299982385062
2023-11-16 18:12:00,181 [ease.py] => Task acc: 91.0692267042452
2023-11-16 18:12:00,208 [trainer.py] => No NME accuracy.
2023-11-16 18:12:00,209 [trainer.py] => CNN: {'total': 59.36, '00-09': 58.49, '10-19': 57.34, '20-29': 56.21, '30-39': 65.62, '40-49': 70.34, '50-59': 51.63, '60-69': 58.79, '70-79': 53.17, '80-89': 52.16, '90-99': 67.46, '100-109': 63.28, '110-119': 51.47, '120-129': 56.73, '130-139': 68.42, '140-149': 54.42, '150-159': 61.88, '160-169': 61.7, 'old': 59.22, 'new': 61.7}
2023-11-16 18:12:00,209 [trainer.py] => CNN top1 curve: [92.45, 86.48, 81.88, 80.28, 76.91, 74.67, 72.63, 70.19, 68.01, 68.47, 66.63, 65.17, 63.96, 62.76, 61.21, 60.25, 59.36]
2023-11-16 18:12:00,209 [trainer.py] => CNN top5 curve: [98.82, 97.75, 96.32, 95.92, 94.81, 93.9, 92.84, 91.41, 90.52, 90.43, 89.09, 88.48, 87.65, 87.28, 86.4, 85.77, 84.92]

2023-11-16 18:12:00,209 [trainer.py] => Average Accuracy (CNN): 71.2535294117647 

2023-11-16 18:12:00,209 [trainer.py] => All params: 89215490
2023-11-16 18:12:00,210 [trainer.py] => Trainable params: 1189632
2023-11-16 18:12:00,226 [ease.py] => Learning on 170-180
2023-11-16 18:20:01,177 [ease.py] => Task 17, Epoch 20/20 => Loss 0.799, Train_accy 75.06
2023-11-16 18:30:32,255 [ease.py] => Task correct: 59.39434498912498
2023-11-16 18:30:32,256 [ease.py] => Task acc: 90.78132842563159
2023-11-16 18:30:32,283 [trainer.py] => No NME accuracy.
2023-11-16 18:30:32,283 [trainer.py] => CNN: {'total': 58.16, '00-09': 56.6, '10-19': 57.34, '20-29': 55.9, '30-39': 64.67, '40-49': 70.03, '50-59': 47.39, '60-69': 58.52, '70-79': 51.96, '80-89': 51.76, '90-99': 66.86, '100-109': 62.95, '110-119': 50.67, '120-129': 55.85, '130-139': 68.11, '140-149': 53.89, '150-159': 61.88, '160-169': 61.7, '170-179': 50.0, 'old': 58.59, 'new': 50.0}
2023-11-16 18:30:32,283 [trainer.py] => CNN top1 curve: [92.45, 86.48, 81.88, 80.28, 76.91, 74.67, 72.63, 70.19, 68.01, 68.47, 66.63, 65.17, 63.96, 62.76, 61.21, 60.25, 59.36, 58.16]
2023-11-16 18:30:32,283 [trainer.py] => CNN top5 curve: [98.82, 97.75, 96.32, 95.92, 94.81, 93.9, 92.84, 91.41, 90.52, 90.43, 89.09, 88.48, 87.65, 87.28, 86.4, 85.77, 84.92, 84.19]

2023-11-16 18:30:32,283 [trainer.py] => Average Accuracy (CNN): 70.5261111111111 

2023-11-16 18:30:32,284 [trainer.py] => All params: 89484290
2023-11-16 18:30:32,285 [trainer.py] => Trainable params: 1189632
2023-11-16 18:30:32,303 [ease.py] => Learning on 180-190
2023-11-16 18:37:15,212 [ease.py] => Task 18, Epoch 20/20 => Loss 0.746, Train_accy 78.01
2023-11-16 18:46:45,119 [ease.py] => Task correct: 58.82822477650064
2023-11-16 18:46:45,120 [ease.py] => Task acc: 90.77266922094508
2023-11-16 18:46:45,141 [trainer.py] => No NME accuracy.
2023-11-16 18:46:45,141 [trainer.py] => CNN: {'total': 57.61, '00-09': 56.37, '10-19': 56.99, '20-29': 55.59, '30-39': 64.35, '40-49': 69.72, '50-59': 46.73, '60-69': 56.87, '70-79': 49.55, '80-89': 51.76, '90-99': 66.27, '100-109': 62.3, '110-119': 46.65, '120-129': 55.56, '130-139': 67.18, '140-149': 52.82, '150-159': 59.67, '160-169': 61.4, '170-179': 49.0, '180-189': 67.25, 'old': 57.15, 'new': 67.25}
2023-11-16 18:46:45,141 [trainer.py] => CNN top1 curve: [92.45, 86.48, 81.88, 80.28, 76.91, 74.67, 72.63, 70.19, 68.01, 68.47, 66.63, 65.17, 63.96, 62.76, 61.21, 60.25, 59.36, 58.16, 57.61]
2023-11-16 18:46:45,141 [trainer.py] => CNN top5 curve: [98.82, 97.75, 96.32, 95.92, 94.81, 93.9, 92.84, 91.41, 90.52, 90.43, 89.09, 88.48, 87.65, 87.28, 86.4, 85.77, 84.92, 84.19, 83.83]

2023-11-16 18:46:45,141 [trainer.py] => Average Accuracy (CNN): 69.84631578947368 

2023-11-16 18:46:45,142 [trainer.py] => All params: 89768450
2023-11-16 18:46:45,142 [trainer.py] => Trainable params: 1189632
2023-11-16 18:46:45,161 [ease.py] => Learning on 190-200
2023-11-16 18:55:01,069 [ease.py] => Task 19, Epoch 20/20 => Loss 0.800, Train_accy 75.90
2023-11-16 19:07:12,269 [ease.py] => Task correct: 56.95534097767049
2023-11-16 19:07:12,269 [ease.py] => Task acc: 90.47978273989138
2023-11-16 19:07:12,293 [trainer.py] => No NME accuracy.
2023-11-16 19:07:12,293 [trainer.py] => CNN: {'total': 55.85, '00-09': 56.84, '10-19': 56.99, '20-29': 53.42, '30-39': 64.35, '40-49': 69.72, '50-59': 46.08, '60-69': 56.59, '70-79': 49.24, '80-89': 50.98, '90-99': 65.98, '100-109': 61.97, '110-119': 46.65, '120-129': 55.56, '130-139': 66.87, '140-149': 52.28, '150-159': 59.94, '160-169': 59.27, '170-179': 47.0, '180-189': 66.2, '190-199': 34.07, 'old': 57.12, 'new': 34.07}
2023-11-16 19:07:12,293 [trainer.py] => CNN top1 curve: [92.45, 86.48, 81.88, 80.28, 76.91, 74.67, 72.63, 70.19, 68.01, 68.47, 66.63, 65.17, 63.96, 62.76, 61.21, 60.25, 59.36, 58.16, 57.61, 55.85]
2023-11-16 19:07:12,293 [trainer.py] => CNN top5 curve: [98.82, 97.75, 96.32, 95.92, 94.81, 93.9, 92.84, 91.41, 90.52, 90.43, 89.09, 88.48, 87.65, 87.28, 86.4, 85.77, 84.92, 84.19, 83.83, 82.51]

2023-11-16 19:07:12,293 [trainer.py] => Average Accuracy (CNN): 69.14649999999999 

