2023-11-16 14:18:46,853 [trainer.py] => config: ./exps/ease_obj_in21k.json
2023-11-16 14:18:46,853 [trainer.py] => prefix:  
2023-11-16 14:18:46,853 [trainer.py] => dataset: objectnet
2023-11-16 14:18:46,853 [trainer.py] => memory_size: 0
2023-11-16 14:18:46,853 [trainer.py] => memory_per_class: 0
2023-11-16 14:18:46,853 [trainer.py] => fixed_memory: False
2023-11-16 14:18:46,853 [trainer.py] => shuffle: True
2023-11-16 14:18:46,853 [trainer.py] => init_cls: 10
2023-11-16 14:18:46,853 [trainer.py] => increment: 10
2023-11-16 14:18:46,853 [trainer.py] => model_name: ease
2023-11-16 14:18:46,853 [trainer.py] => backbone_type: vit_base_patch16_224_in21k_ease
2023-11-16 14:18:46,853 [trainer.py] => device: [device(type='cuda', index=2)]
2023-11-16 14:18:46,853 [trainer.py] => seed: 1993
2023-11-16 14:18:46,853 [trainer.py] => init_epochs: 25
2023-11-16 14:18:46,853 [trainer.py] => init_lr: 0.05
2023-11-16 14:18:46,853 [trainer.py] => later_epochs: 25
2023-11-16 14:18:46,853 [trainer.py] => later_lr: 0.05
2023-11-16 14:18:46,853 [trainer.py] => batch_size: 48
2023-11-16 14:18:46,853 [trainer.py] => weight_decay: 0.005
2023-11-16 14:18:46,854 [trainer.py] => min_lr: 0
2023-11-16 14:18:46,854 [trainer.py] => optimizer: sgd
2023-11-16 14:18:46,854 [trainer.py] => scheduler: cosine
2023-11-16 14:18:46,854 [trainer.py] => pretrained: True
2023-11-16 14:18:46,854 [trainer.py] => vpt_type: Deep
2023-11-16 14:18:46,854 [trainer.py] => prompt_token_num: 5
2023-11-16 14:18:46,854 [trainer.py] => ffn_num: 64
2023-11-16 14:18:46,854 [trainer.py] => solve_method: sim
2023-11-16 14:18:46,854 [trainer.py] => use_diagonal: False
2023-11-16 14:18:46,854 [trainer.py] => recalc_sim: True
2023-11-16 14:18:46,854 [trainer.py] => alpha: 0.2
2023-11-16 14:18:46,854 [trainer.py] => use_init_ptm: False
2023-11-16 14:18:46,854 [trainer.py] => beta: 0
2023-11-16 14:18:46,854 [trainer.py] => use_old_data: False
2023-11-16 14:18:46,854 [trainer.py] => use_reweight: True
2023-11-16 14:18:46,854 [trainer.py] => moni_adam: False
2023-11-16 14:18:46,854 [trainer.py] => adapter_num: -1
2023-11-16 14:18:46,967 [data_manager.py] => [168, 136, 51, 9, 183, 101, 171, 99, 42, 159, 191, 70, 16, 188, 27, 10, 175, 26, 68, 187, 98, 6, 85, 35, 112, 43, 100, 0, 103, 181, 88, 59, 4, 2, 116, 174, 94, 80, 106, 1, 147, 17, 141, 131, 72, 23, 173, 54, 197, 118, 87, 32, 79, 104, 91, 19, 135, 107, 178, 36, 11, 199, 142, 8, 122, 3, 28, 57, 153, 172, 190, 56, 49, 44, 97, 62, 151, 169, 194, 55, 192, 12, 189, 78, 66, 180, 15, 137, 109, 134, 92, 119, 126, 52, 170, 40, 148, 65, 144, 64, 138, 45, 77, 89, 154, 90, 71, 193, 74, 30, 113, 143, 96, 84, 67, 50, 186, 156, 69, 21, 18, 111, 108, 58, 125, 157, 150, 110, 182, 129, 166, 83, 81, 60, 13, 165, 14, 176, 63, 117, 5, 22, 145, 121, 38, 41, 82, 127, 114, 20, 31, 53, 37, 163, 196, 130, 152, 162, 86, 76, 24, 34, 184, 149, 33, 128, 198, 155, 146, 167, 139, 120, 140, 102, 47, 25, 158, 123, 46, 164, 61, 7, 115, 75, 133, 160, 105, 132, 179, 124, 48, 73, 93, 39, 95, 195, 29, 177, 185, 161]
2023-11-16 14:18:51,102 [trainer.py] => All params: 86988288
2023-11-16 14:18:51,103 [trainer.py] => Trainable params: 1189632
2023-11-16 14:18:51,103 [ease.py] => Learning on 0-10
2023-11-16 14:29:34,154 [ease.py] => Task 0, Epoch 25/25 => Loss 0.617, Train_accy 80.79
2023-11-16 14:30:17,011 [ease.py] => Task correct: 100.0
2023-11-16 14:30:17,012 [ease.py] => Task acc: 91.27358490566037
2023-11-16 14:30:17,055 [trainer.py] => No NME accuracy.
2023-11-16 14:30:17,055 [trainer.py] => CNN: {'total': 91.27, '00-09': 91.27, 'old': 0, 'new': 91.27}
2023-11-16 14:30:17,055 [trainer.py] => CNN top1 curve: [91.27]
2023-11-16 14:30:17,055 [trainer.py] => CNN top5 curve: [99.53]

2023-11-16 14:30:17,055 [trainer.py] => Average Accuracy (CNN): 91.27 

2023-11-16 14:30:17,056 [trainer.py] => All params: 87003650
2023-11-16 14:30:17,056 [trainer.py] => Trainable params: 1189632
2023-11-16 14:30:17,057 [ease.py] => Learning on 10-20
2023-11-16 14:40:35,098 [ease.py] => Task 1, Epoch 25/25 => Loss 0.631, Train_accy 80.88
2023-11-16 14:41:45,264 [ease.py] => Task correct: 91.54929577464789
2023-11-16 14:41:45,264 [ease.py] => Task acc: 91.97183098591549
2023-11-16 14:41:45,288 [trainer.py] => No NME accuracy.
2023-11-16 14:41:45,289 [trainer.py] => CNN: {'total': 87.18, '00-09': 87.03, '10-19': 87.41, 'old': 87.03, 'new': 87.41}
2023-11-16 14:41:45,289 [trainer.py] => CNN top1 curve: [91.27, 87.18]
2023-11-16 14:41:45,289 [trainer.py] => CNN top5 curve: [99.53, 98.17]

2023-11-16 14:41:45,289 [trainer.py] => Average Accuracy (CNN): 89.225 

2023-11-16 14:41:45,290 [trainer.py] => All params: 87026690
2023-11-16 14:41:45,290 [trainer.py] => Trainable params: 1189632
2023-11-16 14:41:45,292 [ease.py] => Learning on 20-30
2023-11-16 14:51:54,234 [ease.py] => Task 2, Epoch 25/25 => Loss 0.718, Train_accy 77.72
2023-11-16 14:53:36,841 [ease.py] => Task correct: 87.3062015503876
2023-11-16 14:53:36,841 [ease.py] => Task acc: 90.79457364341086
2023-11-16 14:53:36,882 [trainer.py] => No NME accuracy.
2023-11-16 14:53:36,883 [trainer.py] => CNN: {'total': 83.72, '00-09': 84.2, '10-19': 84.62, '20-29': 82.3, 'old': 84.37, 'new': 82.3}
2023-11-16 14:53:36,883 [trainer.py] => CNN top1 curve: [91.27, 87.18, 83.72]
2023-11-16 14:53:36,883 [trainer.py] => CNN top5 curve: [99.53, 98.17, 96.51]

2023-11-16 14:53:36,883 [trainer.py] => Average Accuracy (CNN): 87.38999999999999 

2023-11-16 14:53:36,884 [trainer.py] => All params: 87065090
2023-11-16 14:53:36,885 [trainer.py] => Trainable params: 1189632
2023-11-16 14:53:36,887 [ease.py] => Learning on 30-40
2023-11-16 15:03:43,198 [ease.py] => Task 3, Epoch 25/25 => Loss 0.529, Train_accy 84.04
2023-11-16 15:05:51,404 [ease.py] => Task correct: 85.02594514455151
2023-11-16 15:05:51,405 [ease.py] => Task acc: 91.77168272794663
2023-11-16 15:05:51,437 [trainer.py] => No NME accuracy.
2023-11-16 15:05:51,437 [trainer.py] => CNN: {'total': 81.99, '00-09': 80.66, '10-19': 82.87, '20-29': 78.57, '30-39': 86.44, 'old': 80.62, 'new': 86.44}
2023-11-16 15:05:51,437 [trainer.py] => CNN top1 curve: [91.27, 87.18, 83.72, 81.99]
2023-11-16 15:05:51,437 [trainer.py] => CNN top5 curve: [99.53, 98.17, 96.51, 95.92]

2023-11-16 15:05:51,437 [trainer.py] => Average Accuracy (CNN): 86.03999999999999 

2023-11-16 15:05:51,437 [trainer.py] => All params: 87118850
2023-11-16 15:05:51,438 [trainer.py] => Trainable params: 1189632
2023-11-16 15:05:51,440 [ease.py] => Learning on 40-50
2023-11-16 15:15:47,687 [ease.py] => Task 4, Epoch 25/25 => Loss 0.612, Train_accy 81.50
2023-11-16 15:18:40,619 [ease.py] => Task correct: 81.20525059665871
2023-11-16 15:18:40,620 [ease.py] => Task acc: 92.36276849642005
2023-11-16 15:18:40,651 [trainer.py] => No NME accuracy.
2023-11-16 15:18:40,651 [trainer.py] => CNN: {'total': 79.12, '00-09': 76.89, '10-19': 80.07, '20-29': 72.36, '30-39': 80.76, '40-49': 86.24, 'old': 77.39, 'new': 86.24}
2023-11-16 15:18:40,651 [trainer.py] => CNN top1 curve: [91.27, 87.18, 83.72, 81.99, 79.12]
2023-11-16 15:18:40,651 [trainer.py] => CNN top5 curve: [99.53, 98.17, 96.51, 95.92, 95.53]

2023-11-16 15:18:40,651 [trainer.py] => Average Accuracy (CNN): 84.65599999999999 

2023-11-16 15:18:40,652 [trainer.py] => All params: 87187970
2023-11-16 15:18:40,653 [trainer.py] => Trainable params: 1189632
2023-11-16 15:18:40,657 [ease.py] => Learning on 50-60
2023-11-16 15:29:48,090 [ease.py] => Task 5, Epoch 25/25 => Loss 0.660, Train_accy 80.24
2023-11-16 15:33:22,021 [ease.py] => Task correct: 79.51564076690212
2023-11-16 15:33:22,021 [ease.py] => Task acc: 92.17961654894046
2023-11-16 15:33:22,064 [trainer.py] => No NME accuracy.
2023-11-16 15:33:22,064 [trainer.py] => CNN: {'total': 77.19, '00-09': 74.76, '10-19': 78.32, '20-29': 69.57, '30-39': 80.13, '40-49': 84.4, '50-59': 76.8, 'old': 77.27, 'new': 76.8}
2023-11-16 15:33:22,065 [trainer.py] => CNN top1 curve: [91.27, 87.18, 83.72, 81.99, 79.12, 77.19]
2023-11-16 15:33:22,065 [trainer.py] => CNN top5 curve: [99.53, 98.17, 96.51, 95.92, 95.53, 94.35]

2023-11-16 15:33:22,065 [trainer.py] => Average Accuracy (CNN): 83.41166666666666 

2023-11-16 15:33:22,065 [trainer.py] => All params: 87272450
2023-11-16 15:33:22,066 [trainer.py] => Trainable params: 1189632
2023-11-16 15:33:22,070 [ease.py] => Learning on 60-70
2023-11-16 15:43:22,839 [ease.py] => Task 6, Epoch 25/25 => Loss 0.666, Train_accy 81.12
2023-11-16 15:47:28,949 [ease.py] => Task correct: 76.98209718670077
2023-11-16 15:47:28,949 [ease.py] => Task acc: 91.90110826939471
2023-11-16 15:47:28,974 [trainer.py] => No NME accuracy.
2023-11-16 15:47:28,975 [trainer.py] => CNN: {'total': 74.89, '00-09': 73.35, '10-19': 71.68, '20-29': 69.88, '30-39': 78.86, '40-49': 82.57, '50-59': 73.2, '60-69': 74.73, 'old': 74.92, 'new': 74.73}
2023-11-16 15:47:28,975 [trainer.py] => CNN top1 curve: [91.27, 87.18, 83.72, 81.99, 79.12, 77.19, 74.89]
2023-11-16 15:47:28,975 [trainer.py] => CNN top5 curve: [99.53, 98.17, 96.51, 95.92, 95.53, 94.35, 93.44]

2023-11-16 15:47:28,975 [trainer.py] => Average Accuracy (CNN): 82.19428571428571 

2023-11-16 15:47:28,976 [trainer.py] => All params: 87372290
2023-11-16 15:47:28,976 [trainer.py] => Trainable params: 1189632
2023-11-16 15:47:28,981 [ease.py] => Learning on 70-80
2023-11-16 15:58:24,630 [ease.py] => Task 7, Epoch 25/25 => Loss 0.644, Train_accy 82.15
2023-11-16 16:03:12,104 [ease.py] => Task correct: 74.41165483750467
2023-11-16 16:03:12,104 [ease.py] => Task acc: 91.48300336197235
2023-11-16 16:03:12,129 [trainer.py] => No NME accuracy.
2023-11-16 16:03:12,130 [trainer.py] => CNN: {'total': 72.62, '00-09': 73.58, '10-19': 68.18, '20-29': 68.01, '30-39': 78.23, '40-49': 81.65, '50-59': 69.93, '60-69': 68.68, '70-79': 72.21, 'old': 72.68, 'new': 72.21}
2023-11-16 16:03:12,130 [trainer.py] => CNN top1 curve: [91.27, 87.18, 83.72, 81.99, 79.12, 77.19, 74.89, 72.62]
2023-11-16 16:03:12,130 [trainer.py] => CNN top5 curve: [99.53, 98.17, 96.51, 95.92, 95.53, 94.35, 93.44, 92.23]

2023-11-16 16:03:12,130 [trainer.py] => Average Accuracy (CNN): 80.9975 

2023-11-16 16:03:12,130 [trainer.py] => All params: 87487490
2023-11-16 16:03:12,131 [trainer.py] => Trainable params: 1189632
2023-11-16 16:03:12,137 [ease.py] => Learning on 80-90
2023-11-16 16:14:06,666 [ease.py] => Task 8, Epoch 25/25 => Loss 0.699, Train_accy 79.04
2023-11-16 16:19:26,337 [ease.py] => Task correct: 72.61255115961801
2023-11-16 16:19:26,337 [ease.py] => Task acc: 91.16643929058662
2023-11-16 16:19:26,360 [trainer.py] => No NME accuracy.
2023-11-16 16:19:26,361 [trainer.py] => CNN: {'total': 70.4, '00-09': 72.88, '10-19': 65.73, '20-29': 67.08, '30-39': 76.97, '40-49': 81.35, '50-59': 67.97, '60-69': 67.58, '70-79': 68.88, '80-89': 62.35, 'old': 71.16, 'new': 62.35}
2023-11-16 16:19:26,361 [trainer.py] => CNN top1 curve: [91.27, 87.18, 83.72, 81.99, 79.12, 77.19, 74.89, 72.62, 70.4]
2023-11-16 16:19:26,361 [trainer.py] => CNN top5 curve: [99.53, 98.17, 96.51, 95.92, 95.53, 94.35, 93.44, 92.23, 91.78]

2023-11-16 16:19:26,361 [trainer.py] => Average Accuracy (CNN): 79.82 

2023-11-16 16:19:26,361 [trainer.py] => All params: 87618050
2023-11-16 16:19:26,362 [trainer.py] => Trainable params: 1189632
2023-11-16 16:19:26,370 [ease.py] => Learning on 90-100
2023-11-16 16:30:23,369 [ease.py] => Task 9, Epoch 25/25 => Loss 0.642, Train_accy 81.32
2023-11-16 16:36:33,423 [ease.py] => Task correct: 72.87461773700306
2023-11-16 16:36:33,424 [ease.py] => Task acc: 90.97859327217125
2023-11-16 16:36:33,459 [trainer.py] => No NME accuracy.
2023-11-16 16:36:33,459 [trainer.py] => CNN: {'total': 70.46, '00-09': 72.64, '10-19': 66.43, '20-29': 67.08, '30-39': 75.39, '40-49': 81.35, '50-59': 66.67, '60-69': 67.31, '70-79': 67.37, '80-89': 61.18, '90-99': 76.04, 'old': 69.82, 'new': 76.04}
2023-11-16 16:36:33,459 [trainer.py] => CNN top1 curve: [91.27, 87.18, 83.72, 81.99, 79.12, 77.19, 74.89, 72.62, 70.4, 70.46]
2023-11-16 16:36:33,459 [trainer.py] => CNN top5 curve: [99.53, 98.17, 96.51, 95.92, 95.53, 94.35, 93.44, 92.23, 91.78, 91.31]

2023-11-16 16:36:33,459 [trainer.py] => Average Accuracy (CNN): 78.884 

2023-11-16 16:36:33,460 [trainer.py] => All params: 87763970
2023-11-16 16:36:33,461 [trainer.py] => Trainable params: 1189632
2023-11-16 16:36:33,469 [ease.py] => Learning on 100-110
2023-11-16 16:45:01,367 [ease.py] => Task 10, Epoch 25/25 => Loss 0.614, Train_accy 81.77
2023-11-16 16:50:22,307 [ease.py] => Task correct: 70.7972027972028
2023-11-16 16:50:22,307 [ease.py] => Task acc: 90.9090909090909
2023-11-16 16:50:22,339 [trainer.py] => No NME accuracy.
2023-11-16 16:50:22,339 [trainer.py] => CNN: {'total': 68.64, '00-09': 71.46, '10-19': 66.78, '20-29': 66.15, '30-39': 71.92, '40-49': 80.73, '50-59': 63.73, '60-69': 66.76, '70-79': 64.95, '80-89': 58.82, '90-99': 75.74, '100-109': 64.26, 'old': 69.05, 'new': 64.26}
2023-11-16 16:50:22,339 [trainer.py] => CNN top1 curve: [91.27, 87.18, 83.72, 81.99, 79.12, 77.19, 74.89, 72.62, 70.4, 70.46, 68.64]
2023-11-16 16:50:22,339 [trainer.py] => CNN top5 curve: [99.53, 98.17, 96.51, 95.92, 95.53, 94.35, 93.44, 92.23, 91.78, 91.31, 90.15]

2023-11-16 16:50:22,339 [trainer.py] => Average Accuracy (CNN): 77.95272727272727 

2023-11-16 16:50:22,340 [trainer.py] => All params: 87925250
2023-11-16 16:50:22,340 [trainer.py] => Trainable params: 1189632
2023-11-16 16:50:22,349 [ease.py] => Learning on 110-120
2023-11-16 17:02:53,141 [ease.py] => Task 11, Epoch 25/25 => Loss 0.622, Train_accy 81.75
2023-11-16 17:10:28,209 [ease.py] => Task correct: 68.79432624113475
2023-11-16 17:10:28,209 [ease.py] => Task acc: 91.10942249240122
2023-11-16 17:10:28,245 [trainer.py] => No NME accuracy.
2023-11-16 17:10:28,245 [trainer.py] => CNN: {'total': 67.02, '00-09': 69.58, '10-19': 65.73, '20-29': 66.15, '30-39': 71.61, '40-49': 77.37, '50-59': 62.09, '60-69': 63.19, '70-79': 63.14, '80-89': 56.08, '90-99': 71.3, '100-109': 61.97, '110-119': 71.85, 'old': 66.52, 'new': 71.85}
2023-11-16 17:10:28,245 [trainer.py] => CNN top1 curve: [91.27, 87.18, 83.72, 81.99, 79.12, 77.19, 74.89, 72.62, 70.4, 70.46, 68.64, 67.02]
2023-11-16 17:10:28,245 [trainer.py] => CNN top5 curve: [99.53, 98.17, 96.51, 95.92, 95.53, 94.35, 93.44, 92.23, 91.78, 91.31, 90.15, 89.21]

2023-11-16 17:10:28,245 [trainer.py] => Average Accuracy (CNN): 77.04166666666667 

2023-11-16 17:10:28,246 [trainer.py] => All params: 88101890
2023-11-16 17:10:28,247 [trainer.py] => Trainable params: 1189632
2023-11-16 17:10:28,261 [ease.py] => Learning on 120-130
2023-11-16 17:21:43,577 [ease.py] => Task 12, Epoch 25/25 => Loss 0.687, Train_accy 79.36
2023-11-16 17:29:28,499 [ease.py] => Task correct: 66.82983682983684
2023-11-16 17:29:28,500 [ease.py] => Task acc: 91.002331002331
2023-11-16 17:29:28,538 [trainer.py] => No NME accuracy.
2023-11-16 17:29:28,538 [trainer.py] => CNN: {'total': 65.22, '00-09': 66.51, '10-19': 61.89, '20-29': 64.29, '30-39': 67.19, '40-49': 74.92, '50-59': 61.44, '60-69': 62.09, '70-79': 60.42, '80-89': 54.12, '90-99': 68.93, '100-109': 61.64, '110-119': 69.97, '120-129': 70.18, 'old': 64.79, 'new': 70.18}
2023-11-16 17:29:28,538 [trainer.py] => CNN top1 curve: [91.27, 87.18, 83.72, 81.99, 79.12, 77.19, 74.89, 72.62, 70.4, 70.46, 68.64, 67.02, 65.22]
2023-11-16 17:29:28,539 [trainer.py] => CNN top5 curve: [99.53, 98.17, 96.51, 95.92, 95.53, 94.35, 93.44, 92.23, 91.78, 91.31, 90.15, 89.21, 88.3]

2023-11-16 17:29:28,539 [trainer.py] => Average Accuracy (CNN): 76.13230769230769 

2023-11-16 17:29:28,540 [trainer.py] => All params: 88293890
2023-11-16 17:29:28,540 [trainer.py] => Trainable params: 1189632
2023-11-16 17:29:28,556 [ease.py] => Learning on 130-140
2023-11-16 17:39:24,223 [ease.py] => Task 13, Epoch 25/25 => Loss 0.681, Train_accy 78.82
2023-11-16 17:47:05,726 [ease.py] => Task correct: 65.66225883373076
2023-11-16 17:47:05,727 [ease.py] => Task acc: 91.06871883806633
2023-11-16 17:47:05,756 [trainer.py] => No NME accuracy.
2023-11-16 17:47:05,756 [trainer.py] => CNN: {'total': 64.19, '00-09': 65.57, '10-19': 59.44, '20-29': 63.35, '30-39': 66.56, '40-49': 74.31, '50-59': 60.13, '60-69': 62.09, '70-79': 58.31, '80-89': 52.16, '90-99': 68.93, '100-109': 60.98, '110-119': 68.1, '120-129': 67.84, '130-139': 66.25, 'old': 64.03, 'new': 66.25}
2023-11-16 17:47:05,756 [trainer.py] => CNN top1 curve: [91.27, 87.18, 83.72, 81.99, 79.12, 77.19, 74.89, 72.62, 70.4, 70.46, 68.64, 67.02, 65.22, 64.19]
2023-11-16 17:47:05,756 [trainer.py] => CNN top5 curve: [99.53, 98.17, 96.51, 95.92, 95.53, 94.35, 93.44, 92.23, 91.78, 91.31, 90.15, 89.21, 88.3, 87.56]

2023-11-16 17:47:05,756 [trainer.py] => Average Accuracy (CNN): 75.27928571428572 

2023-11-16 17:47:05,757 [trainer.py] => All params: 88501250
2023-11-16 17:47:05,757 [trainer.py] => Trainable params: 1189632
2023-11-16 17:47:05,770 [ease.py] => Learning on 140-150
2023-11-16 17:57:22,159 [ease.py] => Task 14, Epoch 25/25 => Loss 0.637, Train_accy 80.54
2023-11-16 18:05:44,074 [ease.py] => Task correct: 64.23987164059366
2023-11-16 18:05:44,075 [ease.py] => Task acc: 90.97472924187726
2023-11-16 18:05:44,101 [trainer.py] => No NME accuracy.
2023-11-16 18:05:44,101 [trainer.py] => CNN: {'total': 62.86, '00-09': 63.92, '10-19': 56.64, '20-29': 63.04, '30-39': 66.88, '40-49': 73.09, '50-59': 59.48, '60-69': 60.99, '70-79': 53.78, '80-89': 52.94, '90-99': 67.16, '100-109': 60.0, '110-119': 66.49, '120-129': 66.67, '130-139': 63.16, '140-149': 64.34, 'old': 62.74, 'new': 64.34}
2023-11-16 18:05:44,101 [trainer.py] => CNN top1 curve: [91.27, 87.18, 83.72, 81.99, 79.12, 77.19, 74.89, 72.62, 70.4, 70.46, 68.64, 67.02, 65.22, 64.19, 62.86]
2023-11-16 18:05:44,101 [trainer.py] => CNN top5 curve: [99.53, 98.17, 96.51, 95.92, 95.53, 94.35, 93.44, 92.23, 91.78, 91.31, 90.15, 89.21, 88.3, 87.56, 86.78]

2023-11-16 18:05:44,101 [trainer.py] => Average Accuracy (CNN): 74.45133333333334 

2023-11-16 18:05:44,102 [trainer.py] => All params: 88723970
2023-11-16 18:05:44,102 [trainer.py] => Trainable params: 1189632
2023-11-16 18:05:44,116 [ease.py] => Learning on 150-160
2023-11-16 18:15:41,686 [ease.py] => Task 15, Epoch 25/25 => Loss 0.650, Train_accy 79.82
2023-11-16 18:24:51,553 [ease.py] => Task correct: 62.99551234106208
2023-11-16 18:24:51,554 [ease.py] => Task acc: 91.04338070306656
2023-11-16 18:24:51,581 [trainer.py] => No NME accuracy.
2023-11-16 18:24:51,582 [trainer.py] => CNN: {'total': 61.72, '00-09': 62.03, '10-19': 56.64, '20-29': 63.04, '30-39': 66.88, '40-49': 71.87, '50-59': 50.65, '60-69': 58.79, '70-79': 52.57, '80-89': 51.37, '90-99': 66.27, '100-109': 57.38, '110-119': 65.15, '120-129': 65.2, '130-139': 62.54, '140-149': 63.0, '150-159': 69.06, 'old': 61.19, 'new': 69.06}
2023-11-16 18:24:51,582 [trainer.py] => CNN top1 curve: [91.27, 87.18, 83.72, 81.99, 79.12, 77.19, 74.89, 72.62, 70.4, 70.46, 68.64, 67.02, 65.22, 64.19, 62.86, 61.72]
2023-11-16 18:24:51,582 [trainer.py] => CNN top5 curve: [99.53, 98.17, 96.51, 95.92, 95.53, 94.35, 93.44, 92.23, 91.78, 91.31, 90.15, 89.21, 88.3, 87.56, 86.78, 86.42]

2023-11-16 18:24:51,583 [trainer.py] => Average Accuracy (CNN): 73.655625 

2023-11-16 18:24:51,584 [trainer.py] => All params: 88962050
2023-11-16 18:24:51,584 [trainer.py] => Trainable params: 1189632
2023-11-16 18:24:51,602 [ease.py] => Learning on 160-170
2023-11-16 18:34:48,695 [ease.py] => Task 16, Epoch 25/25 => Loss 0.706, Train_accy 79.66
2023-11-16 18:44:36,972 [ease.py] => Task correct: 62.180729258411134
2023-11-16 18:44:36,972 [ease.py] => Task acc: 90.84023251717457
2023-11-16 18:44:36,998 [trainer.py] => No NME accuracy.
2023-11-16 18:44:36,998 [trainer.py] => CNN: {'total': 61.0, '00-09': 61.79, '10-19': 56.29, '20-29': 59.32, '30-39': 67.19, '40-49': 71.25, '50-59': 48.69, '60-69': 58.52, '70-79': 51.36, '80-89': 49.8, '90-99': 66.27, '100-109': 56.72, '110-119': 64.88, '120-129': 64.33, '130-139': 62.23, '140-149': 61.39, '150-159': 68.51, '160-169': 62.92, 'old': 60.88, 'new': 62.92}
2023-11-16 18:44:36,998 [trainer.py] => CNN top1 curve: [91.27, 87.18, 83.72, 81.99, 79.12, 77.19, 74.89, 72.62, 70.4, 70.46, 68.64, 67.02, 65.22, 64.19, 62.86, 61.72, 61.0]
2023-11-16 18:44:36,998 [trainer.py] => CNN top5 curve: [99.53, 98.17, 96.51, 95.92, 95.53, 94.35, 93.44, 92.23, 91.78, 91.31, 90.15, 89.21, 88.3, 87.56, 86.78, 86.42, 85.78]

2023-11-16 18:44:36,999 [trainer.py] => Average Accuracy (CNN): 72.91117647058823 

2023-11-16 18:44:36,999 [trainer.py] => All params: 89215490
2023-11-16 18:44:37,000 [trainer.py] => Trainable params: 1189632
2023-11-16 18:44:37,017 [ease.py] => Learning on 170-180
2023-11-16 18:53:56,718 [ease.py] => Task 17, Epoch 25/25 => Loss 0.820, Train_accy 74.12
2023-11-16 19:04:00,641 [ease.py] => Task correct: 61.06742512966371
2023-11-16 19:04:00,642 [ease.py] => Task acc: 90.44671239752384
2023-11-16 19:04:00,663 [trainer.py] => No NME accuracy.
2023-11-16 19:04:00,663 [trainer.py] => CNN: {'total': 59.86, '00-09': 60.14, '10-19': 56.29, '20-29': 58.39, '30-39': 65.62, '40-49': 71.56, '50-59': 45.42, '60-69': 58.52, '70-79': 50.76, '80-89': 47.84, '90-99': 65.68, '100-109': 56.72, '110-119': 64.08, '120-129': 64.04, '130-139': 61.3, '140-149': 61.13, '150-159': 69.06, '160-169': 61.09, '170-179': 53.33, 'old': 60.21, 'new': 53.33}
2023-11-16 19:04:00,663 [trainer.py] => CNN top1 curve: [91.27, 87.18, 83.72, 81.99, 79.12, 77.19, 74.89, 72.62, 70.4, 70.46, 68.64, 67.02, 65.22, 64.19, 62.86, 61.72, 61.0, 59.86]
2023-11-16 19:04:00,663 [trainer.py] => CNN top5 curve: [99.53, 98.17, 96.51, 95.92, 95.53, 94.35, 93.44, 92.23, 91.78, 91.31, 90.15, 89.21, 88.3, 87.56, 86.78, 86.42, 85.78, 85.01]

2023-11-16 19:04:00,663 [trainer.py] => Average Accuracy (CNN): 72.1861111111111 

2023-11-16 19:04:00,664 [trainer.py] => All params: 89484290
2023-11-16 19:04:00,664 [trainer.py] => Trainable params: 1189632
2023-11-16 19:04:00,682 [ease.py] => Learning on 180-190
2023-11-16 19:12:01,062 [ease.py] => Task 18, Epoch 25/25 => Loss 0.633, Train_accy 80.91
2023-11-16 19:21:20,116 [ease.py] => Task correct: 60.68007662835249
2023-11-16 19:21:20,117 [ease.py] => Task acc: 90.58109833971903
2023-11-16 19:21:20,154 [trainer.py] => No NME accuracy.
2023-11-16 19:21:20,154 [trainer.py] => CNN: {'total': 59.56, '00-09': 59.43, '10-19': 56.64, '20-29': 57.76, '30-39': 65.62, '40-49': 71.25, '50-59': 44.77, '60-69': 58.52, '70-79': 49.85, '80-89': 47.84, '90-99': 65.09, '100-109': 56.07, '110-119': 61.93, '120-129': 63.45, '130-139': 60.68, '140-149': 60.32, '150-159': 68.23, '160-169': 61.4, '170-179': 52.33, '180-189': 65.16, 'old': 59.29, 'new': 65.16}
2023-11-16 19:21:20,154 [trainer.py] => CNN top1 curve: [91.27, 87.18, 83.72, 81.99, 79.12, 77.19, 74.89, 72.62, 70.4, 70.46, 68.64, 67.02, 65.22, 64.19, 62.86, 61.72, 61.0, 59.86, 59.56]
2023-11-16 19:21:20,154 [trainer.py] => CNN top5 curve: [99.53, 98.17, 96.51, 95.92, 95.53, 94.35, 93.44, 92.23, 91.78, 91.31, 90.15, 89.21, 88.3, 87.56, 86.78, 86.42, 85.78, 85.01, 84.64]

2023-11-16 19:21:20,154 [trainer.py] => Average Accuracy (CNN): 71.52157894736841 

2023-11-16 19:21:20,155 [trainer.py] => All params: 89768450
2023-11-16 19:21:20,155 [trainer.py] => Trainable params: 1189632
2023-11-16 19:21:20,178 [ease.py] => Learning on 190-200
2023-11-16 19:31:19,824 [ease.py] => Task 19, Epoch 25/25 => Loss 0.802, Train_accy 76.19
2023-11-16 19:43:23,687 [ease.py] => Task correct: 58.826191913095954
2023-11-16 19:43:23,688 [ease.py] => Task acc: 90.19312009656005
2023-11-16 19:43:23,712 [trainer.py] => No NME accuracy.
2023-11-16 19:43:23,712 [trainer.py] => CNN: {'total': 57.86, '00-09': 59.43, '10-19': 56.29, '20-29': 54.97, '30-39': 65.3, '40-49': 71.25, '50-59': 43.14, '60-69': 58.24, '70-79': 49.55, '80-89': 47.45, '90-99': 64.2, '100-109': 54.75, '110-119': 61.66, '120-129': 63.16, '130-139': 60.37, '140-149': 60.32, '150-159': 67.4, '160-169': 58.05, '170-179': 50.0, '180-189': 61.67, '190-199': 45.05, 'old': 58.6, 'new': 45.05}
2023-11-16 19:43:23,713 [trainer.py] => CNN top1 curve: [91.27, 87.18, 83.72, 81.99, 79.12, 77.19, 74.89, 72.62, 70.4, 70.46, 68.64, 67.02, 65.22, 64.19, 62.86, 61.72, 61.0, 59.86, 59.56, 57.86]
2023-11-16 19:43:23,713 [trainer.py] => CNN top5 curve: [99.53, 98.17, 96.51, 95.92, 95.53, 94.35, 93.44, 92.23, 91.78, 91.31, 90.15, 89.21, 88.3, 87.56, 86.78, 86.42, 85.78, 85.01, 84.64, 83.45]

2023-11-16 19:43:23,713 [trainer.py] => Average Accuracy (CNN): 70.83849999999998 

